#
# A fatal error has been detected by the Java Runtime Environment:
#
#  EXCEPTION_ACCESS_VIOLATION (0xc0000005) at pc=0x00007ffa8402e62a, pid=2244, tid=9828
#
# JRE version: OpenJDK Runtime Environment (15.0+36) (build 15+36-1562)
# Java VM: OpenJDK 64-Bit Server VM (15+36-1562, mixed mode, sharing, tiered, compressed oops, g1 gc, windows-amd64)
# Problematic frame:
# V  [jvm.dll+0x18e62a]
#
# No core dump will be written. Minidumps are not enabled by default on client versions of Windows
#
# If you would like to submit a bug report, please visit:
#   https://bugreport.java.com/bugreport/crash.jsp
#

---------------  S U M M A R Y ------------

Command Line: -agentlib:jdwp=transport=dt_socket,address=127.0.0.1:50665,suspend=y,server=n -ea -Didea.test.cyclic.buffer.size=1048576 -javaagent:C:\Users\tomas\AppData\Local\JetBrains\IdeaIC2020.2\captureAgent\debugger-agent.jar -Dfile.encoding=UTF-8 com.intellij.rt.junit.JUnitStarter -ideVersion5 -junit4 sk.krayo.dbproject.DatabaseMetaDataStatsServiceTest,testGetColumnStats

Host: AMD Ryzen 7 1700 Eight-Core Processor          , 16 cores, 31G,  Windows 10 , 64 bit Build 19041 (10.0.19041.662)
Time: Sun Feb  7 19:56:02 2021 Central Europe Standard Time elapsed time: 7.849064 seconds (0d 0h 0m 7s)

---------------  T H R E A D  ---------------

Current thread (0x00000203ebb880a0):  JavaThread "C2 CompilerThread7" daemon [_thread_in_native, id=9828, stack(0x0000003863b00000,0x0000003863c00000)]


Current CompileTask:
C2:   7849 4851   !   4       jdk.internal.loader.BuiltinClassLoader::findClassOnClassPathOrNull (64 bytes)

Stack: [0x0000003863b00000,0x0000003863c00000],  sp=0x0000003863bfc080,  free space=1008k
Native frames: (J=compiled Java code, j=interpreted, Vv=VM code, C=native code)
V  [jvm.dll+0x18e62a]
V  [jvm.dll+0x18ddcc]
V  [jvm.dll+0x1e9ef2]
V  [jvm.dll+0x1e903e]
V  [jvm.dll+0x177f17]
V  [jvm.dll+0x1f88f5]
V  [jvm.dll+0x1f699c]
V  [jvm.dll+0x74384d]
V  [jvm.dll+0x73c64a]
V  [jvm.dll+0x628d16]
C  [ucrtbase.dll+0x214c2]
C  [KERNEL32.DLL+0x17034]
C  [ntdll.dll+0x4d0d1]


siginfo: EXCEPTION_ACCESS_VIOLATION (0xc0000005), reading address 0x0000022df0b789b8


Register to memory mapping:

RIP=0x00007ffa8402e62a jvm.dll
RAX=0x00000203f0aa1050 points into unknown readable memory: 0x0000000000000000 | 00 00 00 00 00 00 00 00
RBX=0x0000000040001488 is an unknown value
RCX=0x0000002a000d7940 is an unknown value
RDX=0x0000000000000008 is an unknown value
RSP=0x0000003863bfc080 is pointing into the stack for thread: 0x00000203ebb880a0
RBP=0x0000003863bfc180 is pointing into the stack for thread: 0x00000203ebb880a0
RSI=0x0000003863bfc760 is pointing into the stack for thread: 0x00000203ebb880a0
RDI=0x0000003863bfc680 is pointing into the stack for thread: 0x00000203ebb880a0
R8 =0x0000000040001488 is an unknown value
R9 =0x0000003863bfc2e0 is pointing into the stack for thread: 0x00000203ebb880a0
R10=0x0 is NULL
R11=0x00000203f6103b40 points into unknown readable memory: 0x0000000000000000 | 00 00 00 00 00 00 00 00
R12=0x0 is NULL
R13=0x00000203ebfba1d0 points into unknown readable memory: 0x00007ffa847044f8 | f8 44 70 84 fa 7f 00 00
R14=0x00000203e78dc570 points into unknown readable memory: 0x0000003800000400 | 00 04 00 00 38 00 00 00
R15=0x00000203e78dc560 points into unknown readable memory: 0x00000203e8bbf040 | 40 f0 bb e8 03 02 00 00


Registers:
RAX=0x00000203f0aa1050, RBX=0x0000000040001488, RCX=0x0000002a000d7940, RDX=0x0000000000000008
RSP=0x0000003863bfc080, RBP=0x0000003863bfc180, RSI=0x0000003863bfc760, RDI=0x0000003863bfc680
R8 =0x0000000040001488, R9 =0x0000003863bfc2e0, R10=0x0000000000000000, R11=0x00000203f6103b40
R12=0x0000000000000000, R13=0x00000203ebfba1d0, R14=0x00000203e78dc570, R15=0x00000203e78dc560
RIP=0x00007ffa8402e62a, EFLAGS=0x0000000000010246

Top of Stack: (sp=0x0000003863bfc080)
0x0000003863bfc080:   0000003863bfc760 0000003863bfc680
0x0000003863bfc090:   0000003863bfc760 00007ffa8406f18e
0x0000003863bfc0a0:   00004b6000000000 0000004c00000004
0x0000003863bfc0b0:   000000380000004c 00000203f6103b40
0x0000003863bfc0c0:   00000203f49c0c50 00000203e8c8c5f0
0x0000003863bfc0d0:   00000203f3f79178 00000203f3f79178
0x0000003863bfc0e0:   00000203f0a298a8 00007ffa00000003
0x0000003863bfc0f0:   00000203e2129d40 00000203deb0c190
0x0000003863bfc100:   00000203e2120000 0000000000000000
0x0000003863bfc110:   0000000000c00000 0000000000000000
0x0000003863bfc120:   0000000000000000 00007ffa847035d8
0x0000003863bfc130:   0000000000000000 0000000000000000
0x0000003863bfc140:   0000000000000000 00007ffa847035d8
0x0000003863bfc150:   0000000000000000 0000000000000000
0x0000003863bfc160:   0000000000000000 0000000000000000
0x0000003863bfc170:   0000000000000000 0000000000000000 

Instructions: (pc=0x00007ffa8402e62a)
0x00007ffa8402e52a:   81 ec 80 01 00 00 0f 29 70 d8 4c 8d 05 e5 b7 90
0x00007ffa8402e53a:   00 0f 29 78 c8 48 8d 15 92 50 6d 00 44 0f 29 40
0x00007ffa8402e54a:   b8 48 8b f9 44 0f 29 48 a8 48 8d 4d 80 44 0f 29
0x00007ffa8402e55a:   50 98 44 0f 29 58 88 44 0f 29 a0 78 ff ff ff 44
0x00007ffa8402e56a:   0f 29 a8 68 ff ff ff 44 0f 29 b0 58 ff ff ff 44
0x00007ffa8402e57a:   0f 29 b8 48 ff ff ff e8 8a b1 05 00 f2 44 0f 10
0x00007ffa8402e58a:   2d c1 50 6d 00 45 33 e4 f2 44 0f 10 35 8d 50 6d
0x00007ffa8402e59a:   00 45 0f 57 ff f2 44 0f 10 05 d0 50 6d 00 f2 44
0x00007ffa8402e5aa:   0f 10 15 bf 50 6d 00 f2 44 0f 10 0d 7e 50 6d 00
0x00007ffa8402e5ba:   f2 44 0f 10 1d a5 50 6d 00 f2 44 0f 10 25 8c 50
0x00007ffa8402e5ca:   6d 00 4c 89 bc 24 a0 01 00 00 0f 1f 40 00 0f 1f
0x00007ffa8402e5da:   84 00 00 00 00 00 8b 9f b8 00 00 00 8b 87 bc 00
0x00007ffa8402e5ea:   00 00 85 db 75 08 85 c0 0f 84 6b 01 00 00 4c 8b
0x00007ffa8402e5fa:   4f 70 85 db 74 1a 49 8b 41 20 4c 8b c3 48 69 cb
0x00007ffa8402e60a:   a8 00 00 00 8b 4c 01 28 89 8f b8 00 00 00 eb 1a
0x00007ffa8402e61a:   48 69 c8 a8 00 00 00 8b d8 4c 8b c0 49 8b 41 20
0x00007ffa8402e62a:   8b 4c 08 28 89 8f bc 00 00 00 49 8b 49 20 8b 87
0x00007ffa8402e63a:   c4 00 00 00 49 69 d0 a8 00 00 00 89 44 11 28 4c
0x00007ffa8402e64a:   8b 4f 70 89 9f c4 00 00 00 49 8b 41 20 f7 84 10
0x00007ffa8402e65a:   a0 00 00 00 00 20 00 00 0f 84 bd 00 00 00 4d 8b
0x00007ffa8402e66a:   59 10 4b 8d 0c 80 48 c1 e1 05 4c 03 d9 45 39 23
0x00007ffa8402e67a:   0f 84 a5 00 00 00 4c 89 64 24 50 b9 08 00 00 00
0x00007ffa8402e68a:   89 4c 24 58 41 8b d4 89 54 24 5c 45 8b c4 45 8b
0x00007ffa8402e69a:   53 04 45 8b cc 44 89 54 24 60 4c 89 64 24 68 49
0x00007ffa8402e6aa:   8b 43 08 48 89 44 24 70 4c 89 5c 24 78 45 85 c0
0x00007ffa8402e6ba:   74 1e 41 8b c0 48 0f bc d0 8b ca 41 d3 e8 41 ff
0x00007ffa8402e6ca:   c8 44 03 ca 44 89 44 24 50 44 89 4c 24 54 eb 17
0x00007ffa8402e6da:   83 f9 08 72 05 41 3b d2 73 41 48 8d 4c 24 50 e8
0x00007ffa8402e6ea:   42 44 1a 00 44 8b c8 45 85 c9 74 2f 41 8b c1 48
0x00007ffa8402e6fa:   69 d0 a8 00 00 00 48 8b 47 70 48 8b 48 20 89 5c
0x00007ffa8402e70a:   0a 20 44 8b 54 24 60 8b 54 24 5c 8b 4c 24 58 44
0x00007ffa8402e71a:   8b 4c 24 54 44 8b 44 24 50 eb 92 48 8b 4f 70 8b 


Stack slot to memory mapping:
stack at sp + 0 slots: 0x0000003863bfc760 is pointing into the stack for thread: 0x00000203ebb880a0
stack at sp + 1 slots: 0x0000003863bfc680 is pointing into the stack for thread: 0x00000203ebb880a0
stack at sp + 2 slots: 0x0000003863bfc760 is pointing into the stack for thread: 0x00000203ebb880a0
stack at sp + 3 slots: 0x00007ffa8406f18e jvm.dll
stack at sp + 4 slots: 0x00004b6000000000 is an unknown value
stack at sp + 5 slots: 0x0000004c00000004 is an unknown value
stack at sp + 6 slots: 0x000000380000004c is an unknown value
stack at sp + 7 slots: 0x00000203f6103b40 points into unknown readable memory: 0x0000000000000000 | 00 00 00 00 00 00 00 00


---------------  P R O C E S S  ---------------

Threads class SMR info:
_java_thread_list=0x00000203e3626dd0, length=52, elements={
0x00000203aead3a10, 0x00000203dc579360, 0x00000203dc579e40, 0x00000203dc592e40,
0x00000203dc595710, 0x00000203dc595fd0, 0x00000203dc597d80, 0x00000203dc5a4140,
0x00000203dc5a6e40, 0x00000203dcf3d0f0, 0x00000203dcf42be0, 0x00000203dcf50620,
0x00000203dcfc1580, 0x00000203dd013480, 0x00000203dd004170, 0x00000203dd006e10,
0x00000203dd143e80, 0x00000203dd8dfa00, 0x00000203df4fb890, 0x00000203df4f9a30,
0x00000203e0f222e0, 0x00000203df4fbda0, 0x00000203df4fc7c0, 0x00000203ebb8bd60,
0x00000203ebb880a0, 0x00000203e0f1fc60, 0x00000203e0f24490, 0x00000203e0f21470,
0x00000203f8dc4900, 0x00000203f8dc7450, 0x00000203f8dc4dd0, 0x00000203f8dc8790,
0x00000203f8dc7920, 0x00000203f8dc5c40, 0x00000203f8dc65e0, 0x00000203f8dc35c0,
0x00000203f8dc9fa0, 0x00000203f8dc8c60, 0x00000203f8dcae10, 0x00000203f8dc52a0,
0x00000203f8dc9130, 0x00000203f8dc7df0, 0x00000203f8dc3f60, 0x00000203f8dc5770,
0x00000203f8dc6110, 0x00000203f8dca470, 0x00000203f8dc9600, 0x00000203f8dc3a90,
0x00000203f8dc6ab0, 0x00000203f8dc9ad0, 0x00000203f8dc4430, 0x00000203f8dc6f80
}

Java Threads: ( => current thread )
  0x00000203aead3a10 JavaThread "main" [_thread_blocked, id=6676, stack(0x0000003860f00000,0x0000003861000000)]
  0x00000203dc579360 JavaThread "Reference Handler" daemon [_thread_blocked, id=13524, stack(0x0000003861600000,0x0000003861700000)]
  0x00000203dc579e40 JavaThread "Finalizer" daemon [_thread_blocked, id=14148, stack(0x0000003861700000,0x0000003861800000)]
  0x00000203dc592e40 JavaThread "Signal Dispatcher" daemon [_thread_blocked, id=9748, stack(0x0000003861800000,0x0000003861900000)]
  0x00000203dc595710 JavaThread "Attach Listener" daemon [_thread_blocked, id=5836, stack(0x0000003861900000,0x0000003861a00000)]
  0x00000203dc595fd0 JavaThread "Service Thread" daemon [_thread_blocked, id=6796, stack(0x0000003861a00000,0x0000003861b00000)]
  0x00000203dc597d80 JavaThread "C2 CompilerThread0" daemon [_thread_in_native, id=7268, stack(0x0000003861b00000,0x0000003861c00000)]
  0x00000203dc5a4140 JavaThread "C1 CompilerThread0" daemon [_thread_blocked, id=3864, stack(0x0000003861c00000,0x0000003861d00000)]
  0x00000203dc5a6e40 JavaThread "Sweeper thread" daemon [_thread_blocked, id=15012, stack(0x0000003861d00000,0x0000003861e00000)]
  0x00000203dcf3d0f0 JavaThread "Common-Cleaner" daemon [_thread_blocked, id=8508, stack(0x0000003861e00000,0x0000003861f00000)]
  0x00000203dcf42be0 JavaThread "C1 CompilerThread1" daemon [_thread_in_native, id=2708, stack(0x0000003861f00000,0x0000003862000000)]
  0x00000203dcf50620 JavaThread "C1 CompilerThread2" daemon [_thread_blocked, id=3460, stack(0x0000003862000000,0x0000003862100000)]
  0x00000203dcfc1580 JavaThread "C2 CompilerThread1" daemon [_thread_in_native, id=6440, stack(0x0000003862100000,0x0000003862200000)]
  0x00000203dd013480 JavaThread "JDWP Transport Listener: dt_socket" daemon [_thread_blocked, id=14396, stack(0x0000003862200000,0x0000003862300000)]
  0x00000203dd004170 JavaThread "JDWP Event Helper Thread" daemon [_thread_in_native, id=13556, stack(0x0000003862300000,0x0000003862400000)]
  0x00000203dd006e10 JavaThread "JDWP Command Reader" daemon [_thread_in_native, id=12320, stack(0x0000003862400000,0x0000003862500000)]
  0x00000203dd143e80 JavaThread "Notification Thread" daemon [_thread_blocked, id=6832, stack(0x0000003862500000,0x0000003862600000)]
  0x00000203dd8dfa00 JavaThread "C1 CompilerThread3" daemon [_thread_blocked, id=9176, stack(0x0000003862800000,0x0000003862900000)]
  0x00000203df4fb890 JavaThread "C2 CompilerThread2" daemon [_thread_in_native, id=10812, stack(0x0000003862700000,0x0000003862800000)]
  0x00000203df4f9a30 JavaThread "C2 CompilerThread3" daemon [_thread_in_native, id=3000, stack(0x0000003863400000,0x0000003863500000)]
  0x00000203e0f222e0 JavaThread "task-1" [_thread_in_native, id=13628, stack(0x0000003863700000,0x0000003863800000)]
  0x00000203df4fbda0 JavaThread "C2 CompilerThread4" daemon [_thread_in_native, id=2124, stack(0x0000003863800000,0x0000003863900000)]
  0x00000203df4fc7c0 JavaThread "C2 CompilerThread5" daemon [_thread_in_native, id=12560, stack(0x0000003863900000,0x0000003863a00000)]
  0x00000203ebb8bd60 JavaThread "C2 CompilerThread6" daemon [_thread_in_native, id=1080, stack(0x0000003863a00000,0x0000003863b00000)]
=>0x00000203ebb880a0 JavaThread "C2 CompilerThread7" daemon [_thread_in_native, id=9828, stack(0x0000003863b00000,0x0000003863c00000)]
  0x00000203e0f1fc60 JavaThread "PostgreSQL-JDBC-SharedTimer-1" daemon [_thread_blocked, id=348, stack(0x0000003863d00000,0x0000003863e00000)]
  0x00000203e0f24490 JavaThread "HikariPool-1 housekeeper" daemon [_thread_blocked, id=14316, stack(0x0000003863e00000,0x0000003863f00000)]
  0x00000203e0f21470 JavaThread "HikariPool-1 connection adder" daemon [_thread_blocked, id=13800, stack(0x0000003863f00000,0x0000003864000000)]
  0x00000203f8dc4900 Thread [stack: 0x0000003864000000,0x0000003864100000] [id=14348]
  0x00000203f8dc7450 Thread [stack: 0x0000003864100000,0x0000003864200000] [id=3904]
  0x00000203f8dc4dd0 Thread [stack: 0x0000003864200000,0x0000003864300000] [id=9124]
  0x00000203f8dc8790 Thread [stack: 0x0000003864300000,0x0000003864400000] [id=14620]
  0x00000203f8dc7920 Thread [stack: 0x0000003864400000,0x0000003864500000] [id=8848]
  0x00000203f8dc5c40 Thread [stack: 0x0000003864500000,0x0000003864600000] [id=14608]
  0x00000203f8dc65e0 Thread [stack: 0x0000003864600000,0x0000003864700000] [id=1392]
  0x00000203f8dc35c0 Thread [stack: 0x0000003864700000,0x0000003864800000] [id=8580]
  0x00000203f8dc9fa0 Thread [stack: 0x0000003864800000,0x0000003864900000] [id=784]
  0x00000203f8dc8c60 Thread [stack: 0x0000003864900000,0x0000003864a00000] [id=2680]
  0x00000203f8dcae10 Thread [stack: 0x0000003864a00000,0x0000003864b00000] [id=3052]
  0x00000203f8dc52a0 Thread [stack: 0x0000003864b00000,0x0000003864c00000] [id=13504]
  0x00000203f8dc9130 Thread [stack: 0x0000003864c00000,0x0000003864d00000] [id=10936]
  0x00000203f8dc7df0 Thread [stack: 0x0000003864d00000,0x0000003864e00000] [id=1332]
  0x00000203f8dc3f60 Thread [stack: 0x0000003864e00000,0x0000003864f00000] [id=5532]
  0x00000203f8dc5770 Thread [stack: 0x0000003864f00000,0x0000003865000000] [id=10636]
  0x00000203f8dc6110 Thread [stack: 0x0000003865000000,0x0000003865100000] [id=7536]
  0x00000203f8dca470 Thread [stack: 0x0000003865100000,0x0000003865200000] [id=12952]
  0x00000203f8dc9600 Thread [stack: 0x0000003865200000,0x0000003865300000] [id=1600]
  0x00000203f8dc3a90 Thread [stack: 0x0000003865300000,0x0000003865400000] [id=13876]
  0x00000203f8dc6ab0 Thread [stack: 0x0000003865400000,0x0000003865500000] [id=3036]
  0x00000203f8dc9ad0 Thread [stack: 0x0000003865500000,0x0000003865600000] [id=8468]
  0x00000203f8dc4430 Thread [stack: 0x0000003865600000,0x0000003865700000] [id=6740]
  0x00000203f8dc6f80 Thread [stack: 0x0000003865700000,0x0000003865800000] [id=3544]

Other Threads:
  0x00000203dc575bc0 VMThread "VM Thread" [stack: 0x0000003861500000,0x0000003861600000] [id=14756]
  0x00000203dcff83a0 WatcherThread [stack: 0x0000003862600000,0x0000003862700000] [id=14580]
  0x00000203aeb4b600 GCTaskThread "GC Thread#0" [stack: 0x0000003861000000,0x0000003861100000] [id=12744]
  0x00000203dd6ddc90 GCTaskThread "GC Thread#1" [stack: 0x0000003862900000,0x0000003862a00000] [id=8604]
  0x00000203dd6dd300 GCTaskThread "GC Thread#2" [stack: 0x0000003862a00000,0x0000003862b00000] [id=7568]
  0x00000203dd6dd960 GCTaskThread "GC Thread#3" [stack: 0x0000003862b00000,0x0000003862c00000] [id=12816]
  0x00000203dd6daff0 GCTaskThread "GC Thread#4" [stack: 0x0000003862c00000,0x0000003862d00000] [id=12804]
  0x00000203dd6da990 GCTaskThread "GC Thread#5" [stack: 0x0000003862d00000,0x0000003862e00000] [id=5396]
  0x00000203dd6dc970 GCTaskThread "GC Thread#6" [stack: 0x0000003862e00000,0x0000003862f00000] [id=6384]
  0x00000203dd6db320 GCTaskThread "GC Thread#7" [stack: 0x0000003862f00000,0x0000003863000000] [id=4012]
  0x00000203dd6dd630 GCTaskThread "GC Thread#8" [stack: 0x0000003863000000,0x0000003863100000] [id=13484]
  0x00000203dd6db650 GCTaskThread "GC Thread#9" [stack: 0x0000003863100000,0x0000003863200000] [id=2712]
  0x00000203dd6de2f0 GCTaskThread "GC Thread#10" [stack: 0x0000003863200000,0x0000003863300000] [id=12920]
  0x00000203dd6db980 GCTaskThread "GC Thread#11" [stack: 0x0000003863300000,0x0000003863400000] [id=12824]
  0x00000203aeb5f7a0 ConcurrentGCThread "G1 Main Marker" [stack: 0x0000003861100000,0x0000003861200000] [id=9712]
  0x00000203aeb61a50 ConcurrentGCThread "G1 Conc#0" [stack: 0x0000003861200000,0x0000003861300000] [id=10952]
  0x00000203df9ae790 ConcurrentGCThread "G1 Conc#1" [stack: 0x0000003863500000,0x0000003863600000] [id=14380]
  0x00000203df9afab0 ConcurrentGCThread "G1 Conc#2" [stack: 0x0000003863600000,0x0000003863700000] [id=2084]
  0x00000203dc46c200 ConcurrentGCThread "G1 Refine#0" [stack: 0x0000003861300000,0x0000003861400000] [id=14856]
  0x00000203dc46cc10 ConcurrentGCThread "G1 Young RemSet Sampling" [stack: 0x0000003861400000,0x0000003861500000] [id=6592]

Threads with active compile tasks:
C2 CompilerThread0     7961 5500 % !   4       nonapi.io.github.classgraph.fastzipfilereader.LogicalZipFile::readCentralDirectory @ 1344 (3097 bytes)
C2 CompilerThread1     7961 5660       4       nonapi.io.github.classgraph.scanspec.ScanSpec::dirWhitelistMatchStatus (168 bytes)
C2 CompilerThread2     7961 5456       4       jdk.internal.loader.BuiltinClassLoader::defineClass (121 bytes)
C2 CompilerThread3     7962 5536       4       jdk.internal.loader.ClassLoaders$AppClassLoader::defineOrCheckPackage (8 bytes)
C2 CompilerThread5     7962 5654 %     4       io.github.classgraph.ClasspathElementZip::scanPaths @ 123 (738 bytes)

[error occurred during error reporting (printing all threads), id 0xc0000005, EXCEPTION_ACCESS_VIOLATION (0xc0000005) at pc=0x00007ffa845e2c06]

VM state: at safepoint (normal execution)

VM Mutex/Monitor currently owned by a thread:  ([mutex/lock_event])
[0x00000203aeace1c0] Threads_lock - owner thread: 0x00000203dc575bc0
[0x00000203aeacefd0] Heap_lock - owner thread: 0x00000203f8dc4900

Heap address: 0x0000000600c00000, size: 8180 MB, Compressed Oops mode: Zero based, Oop shift amount: 3
CDS archive(s) mapped at: [0x0000000800000000-0x0000000800b50000-0x0000000800b50000), size 11862016, SharedBaseAddress: 0x0000000800000000, ArchiveRelocationMode: 0.
Compressed class space mapped at: 0x0000000800b50000-0x0000000840b50000, size: 1073741824
Narrow klass base: 0x0000000800000000, Narrow klass shift: 3, Narrow klass range: 0x100000000

GC Precious Log:
 CPUs: 16 total, 16 available
 Memory: 32718M
 Large Page Support: Disabled
 NUMA Support: Disabled
 Compressed Oops: Enabled (Zero based)
 Heap Region Size: 4M
 Heap Min Capacity: 8M
 Heap Initial Capacity: 512M
 Heap Max Capacity: 8180M
 Pre-touch: Disabled
 Parallel Workers: 13
 Concurrent Workers: 3
 Concurrent Refinement Workers: 13
 Periodic GC: Disabled

Heap:
 garbage-first heap   total 299008K, used 197174K [0x0000000600c00000, 0x0000000800000000)
  region size 4096K, 43 young (176128K), 1 survivors (4096K)
 Metaspace       used 46264K, capacity 46674K, committed 46896K, reserved 1089536K
  class space    used 5851K, capacity 5979K, committed 6016K, reserved 1048576K

Heap Regions: E=young(eden), S=young(survivor), O=old, HS=humongous(starts), HC=humongous(continues), CS=collection set, F=free, OA=open archive, CA=closed archive, TAMS=top-at-mark-start (previous, next)
|   0|0x0000000600c00000, 0x0000000601000000, 0x0000000601000000|100%| O|  |TAMS 0x0000000601000000, 0x0000000600c00000| Untracked 
|   1|0x0000000601000000, 0x00000006012bd600, 0x0000000601400000| 68%| O|  |TAMS 0x00000006012bd600, 0x0000000601000000| Untracked 
|   2|0x0000000601400000, 0x0000000601800000, 0x0000000601800000|100%| O|  |TAMS 0x0000000601800000, 0x0000000601400000| Untracked 
|   3|0x0000000601800000, 0x0000000601c00000, 0x0000000601c00000|100%| O|  |TAMS 0x0000000601c00000, 0x0000000601800000| Untracked 
|   4|0x0000000601c00000, 0x0000000602000000, 0x0000000602000000|100%| O|  |TAMS 0x0000000601e04200, 0x0000000601c00000| Untracked 
|   5|0x0000000602000000, 0x000000060238da08, 0x0000000602400000| 88%| O|  |TAMS 0x0000000602000000, 0x0000000602000000| Untracked 
|   6|0x0000000602400000, 0x0000000602400000, 0x0000000602800000|  0%| F|  |TAMS 0x0000000602400000, 0x0000000602400000| Untracked 
|   7|0x0000000602800000, 0x0000000602800000, 0x0000000602c00000|  0%| F|  |TAMS 0x0000000602800000, 0x0000000602800000| Untracked 
|   8|0x0000000602c00000, 0x0000000602c00000, 0x0000000603000000|  0%| F|  |TAMS 0x0000000602c00000, 0x0000000602c00000| Untracked 
|   9|0x0000000603000000, 0x0000000603000000, 0x0000000603400000|  0%| F|  |TAMS 0x0000000603000000, 0x0000000603000000| Untracked 
|  10|0x0000000603400000, 0x0000000603642a58, 0x0000000603800000| 56%| E|CS|TAMS 0x0000000603400000, 0x0000000603400000| Complete 
|  11|0x0000000603800000, 0x0000000603800000, 0x0000000603c00000|  0%| F|  |TAMS 0x0000000603800000, 0x0000000603800000| Untracked 
|  12|0x0000000603c00000, 0x0000000603c00000, 0x0000000604000000|  0%| F|  |TAMS 0x0000000603c00000, 0x0000000603c00000| Untracked 
|  13|0x0000000604000000, 0x0000000604000000, 0x0000000604400000|  0%| F|  |TAMS 0x0000000604000000, 0x0000000604000000| Untracked 
|  14|0x0000000604400000, 0x0000000604400000, 0x0000000604800000|  0%| F|  |TAMS 0x0000000604400000, 0x0000000604400000| Untracked 
|  15|0x0000000604800000, 0x0000000604800000, 0x0000000604c00000|  0%| F|  |TAMS 0x0000000604800000, 0x0000000604800000| Untracked 
|  16|0x0000000604c00000, 0x0000000604c00000, 0x0000000605000000|  0%| F|  |TAMS 0x0000000604c00000, 0x0000000604c00000| Untracked 
|  17|0x0000000605000000, 0x0000000605000000, 0x0000000605400000|  0%| F|  |TAMS 0x0000000605000000, 0x0000000605000000| Untracked 
|  18|0x0000000605400000, 0x0000000605400000, 0x0000000605800000|  0%| F|  |TAMS 0x0000000605400000, 0x0000000605400000| Untracked 
|  19|0x0000000605800000, 0x0000000605800000, 0x0000000605c00000|  0%| F|  |TAMS 0x0000000605800000, 0x0000000605800000| Untracked 
|  20|0x0000000605c00000, 0x0000000605c00000, 0x0000000606000000|  0%| F|  |TAMS 0x0000000605c00000, 0x0000000605c00000| Untracked 
|  21|0x0000000606000000, 0x0000000606000000, 0x0000000606400000|  0%| F|  |TAMS 0x0000000606000000, 0x0000000606000000| Untracked 
|  22|0x0000000606400000, 0x0000000606400000, 0x0000000606800000|  0%| F|  |TAMS 0x0000000606400000, 0x0000000606400000| Untracked 
|  23|0x0000000606800000, 0x0000000606800000, 0x0000000606c00000|  0%| F|  |TAMS 0x0000000606800000, 0x0000000606800000| Untracked 
|  24|0x0000000606c00000, 0x0000000606c00000, 0x0000000607000000|  0%| F|  |TAMS 0x0000000606c00000, 0x0000000606c00000| Untracked 
|  25|0x0000000607000000, 0x0000000607000000, 0x0000000607400000|  0%| F|  |TAMS 0x0000000607000000, 0x0000000607000000| Untracked 
|  26|0x0000000607400000, 0x0000000607400000, 0x0000000607800000|  0%| F|  |TAMS 0x0000000607400000, 0x0000000607400000| Untracked 
|  27|0x0000000607800000, 0x0000000607800000, 0x0000000607c00000|  0%| F|  |TAMS 0x0000000607800000, 0x0000000607800000| Untracked 
|  28|0x0000000607c00000, 0x0000000607c00000, 0x0000000608000000|  0%| F|  |TAMS 0x0000000607c00000, 0x0000000607c00000| Untracked 
|  29|0x0000000608000000, 0x0000000608000000, 0x0000000608400000|  0%| F|  |TAMS 0x0000000608000000, 0x0000000608000000| Untracked 
|  30|0x0000000608400000, 0x0000000608674ca8, 0x0000000608800000| 61%| S|  |TAMS 0x0000000608400000, 0x0000000608400000| Complete 
|  31|0x0000000608800000, 0x0000000608c00000, 0x0000000608c00000|100%| E|CS|TAMS 0x0000000608800000, 0x0000000608800000| Complete 
|  32|0x0000000608c00000, 0x0000000609000000, 0x0000000609000000|100%| E|CS|TAMS 0x0000000608c00000, 0x0000000608c00000| Complete 
|  33|0x0000000609000000, 0x0000000609400000, 0x0000000609400000|100%| E|CS|TAMS 0x0000000609000000, 0x0000000609000000| Complete 
|  34|0x0000000609400000, 0x0000000609800000, 0x0000000609800000|100%| E|CS|TAMS 0x0000000609400000, 0x0000000609400000| Complete 
|  35|0x0000000609800000, 0x0000000609c00000, 0x0000000609c00000|100%| E|CS|TAMS 0x0000000609800000, 0x0000000609800000| Complete 
|  36|0x0000000609c00000, 0x000000060a000000, 0x000000060a000000|100%| E|CS|TAMS 0x0000000609c00000, 0x0000000609c00000| Complete 
|  37|0x000000060a000000, 0x000000060a400000, 0x000000060a400000|100%| E|CS|TAMS 0x000000060a000000, 0x000000060a000000| Complete 
|  38|0x000000060a400000, 0x000000060a800000, 0x000000060a800000|100%| E|CS|TAMS 0x000000060a400000, 0x000000060a400000| Complete 
|  39|0x000000060a800000, 0x000000060ac00000, 0x000000060ac00000|100%| E|CS|TAMS 0x000000060a800000, 0x000000060a800000| Complete 
|  40|0x000000060ac00000, 0x000000060b000000, 0x000000060b000000|100%| E|CS|TAMS 0x000000060ac00000, 0x000000060ac00000| Complete 
|  41|0x000000060b000000, 0x000000060b400000, 0x000000060b400000|100%| E|CS|TAMS 0x000000060b000000, 0x000000060b000000| Complete 
|  42|0x000000060b400000, 0x000000060b800000, 0x000000060b800000|100%| E|CS|TAMS 0x000000060b400000, 0x000000060b400000| Complete 
|  43|0x000000060b800000, 0x000000060bc00000, 0x000000060bc00000|100%| E|CS|TAMS 0x000000060b800000, 0x000000060b800000| Complete 
|  44|0x000000060bc00000, 0x000000060c000000, 0x000000060c000000|100%| E|CS|TAMS 0x000000060bc00000, 0x000000060bc00000| Complete 
|  45|0x000000060c000000, 0x000000060c400000, 0x000000060c400000|100%| E|CS|TAMS 0x000000060c000000, 0x000000060c000000| Complete 
|  46|0x000000060c400000, 0x000000060c800000, 0x000000060c800000|100%| E|CS|TAMS 0x000000060c400000, 0x000000060c400000| Complete 
|  47|0x000000060c800000, 0x000000060cc00000, 0x000000060cc00000|100%| E|CS|TAMS 0x000000060c800000, 0x000000060c800000| Complete 
|  48|0x000000060cc00000, 0x000000060d000000, 0x000000060d000000|100%| E|CS|TAMS 0x000000060cc00000, 0x000000060cc00000| Complete 
|  49|0x000000060d000000, 0x000000060d400000, 0x000000060d400000|100%| E|CS|TAMS 0x000000060d000000, 0x000000060d000000| Complete 
|  50|0x000000060d400000, 0x000000060d800000, 0x000000060d800000|100%| E|CS|TAMS 0x000000060d400000, 0x000000060d400000| Complete 
|  51|0x000000060d800000, 0x000000060dc00000, 0x000000060dc00000|100%| E|CS|TAMS 0x000000060d800000, 0x000000060d800000| Complete 
|  52|0x000000060dc00000, 0x000000060e000000, 0x000000060e000000|100%| E|CS|TAMS 0x000000060dc00000, 0x000000060dc00000| Complete 
|  53|0x000000060e000000, 0x000000060e400000, 0x000000060e400000|100%| E|CS|TAMS 0x000000060e000000, 0x000000060e000000| Complete 
|  54|0x000000060e400000, 0x000000060e800000, 0x000000060e800000|100%| E|CS|TAMS 0x000000060e400000, 0x000000060e400000| Complete 
|  55|0x000000060e800000, 0x000000060ec00000, 0x000000060ec00000|100%| E|CS|TAMS 0x000000060e800000, 0x000000060e800000| Complete 
|  56|0x000000060ec00000, 0x000000060f000000, 0x000000060f000000|100%| E|CS|TAMS 0x000000060ec00000, 0x000000060ec00000| Complete 
|  57|0x000000060f000000, 0x000000060f400000, 0x000000060f400000|100%| E|CS|TAMS 0x000000060f000000, 0x000000060f000000| Complete 
|  58|0x000000060f400000, 0x000000060f800000, 0x000000060f800000|100%| E|CS|TAMS 0x000000060f400000, 0x000000060f400000| Complete 
|  59|0x000000060f800000, 0x000000060fc00000, 0x000000060fc00000|100%| E|CS|TAMS 0x000000060f800000, 0x000000060f800000| Complete 
|  60|0x000000060fc00000, 0x0000000610000000, 0x0000000610000000|100%| E|CS|TAMS 0x000000060fc00000, 0x000000060fc00000| Complete 
|  61|0x0000000610000000, 0x0000000610400000, 0x0000000610400000|100%| E|CS|TAMS 0x0000000610000000, 0x0000000610000000| Complete 
|  62|0x0000000610400000, 0x0000000610800000, 0x0000000610800000|100%| E|CS|TAMS 0x0000000610400000, 0x0000000610400000| Complete 
|  63|0x0000000610800000, 0x0000000610c00000, 0x0000000610c00000|100%| E|CS|TAMS 0x0000000610800000, 0x0000000610800000| Complete 
|  64|0x0000000610c00000, 0x0000000611000000, 0x0000000611000000|100%| E|CS|TAMS 0x0000000610c00000, 0x0000000610c00000| Complete 
|  65|0x0000000611000000, 0x0000000611400000, 0x0000000611400000|100%| E|CS|TAMS 0x0000000611000000, 0x0000000611000000| Complete 
|  66|0x0000000611400000, 0x0000000611800000, 0x0000000611800000|100%| E|CS|TAMS 0x0000000611400000, 0x0000000611400000| Complete 
|  67|0x0000000611800000, 0x0000000611c00000, 0x0000000611c00000|100%| E|CS|TAMS 0x0000000611800000, 0x0000000611800000| Complete 
|  68|0x0000000611c00000, 0x0000000612000000, 0x0000000612000000|100%| E|CS|TAMS 0x0000000611c00000, 0x0000000611c00000| Complete 
|  69|0x0000000612000000, 0x0000000612400000, 0x0000000612400000|100%| E|CS|TAMS 0x0000000612000000, 0x0000000612000000| Complete 
| 109|0x000000061c000000, 0x000000061c400000, 0x000000061c400000|100%| E|CS|TAMS 0x000000061c000000, 0x000000061c000000| Complete 
| 110|0x000000061c400000, 0x000000061c800000, 0x000000061c800000|100%| E|CS|TAMS 0x000000061c400000, 0x000000061c400000| Complete 
| 127|0x0000000620800000, 0x0000000620c00000, 0x0000000620c00000|100%| E|CS|TAMS 0x0000000620800000, 0x0000000620800000| Complete 

Card table byte_map: [0x00000203c7580000,0x00000203c8580000] _byte_map_base: 0x00000203c457a000

Marking Bits (Prev, Next): (CMBitMap*) 0x00000203aeb4dda0, (CMBitMap*) 0x00000203aeb4dde0
 Prev Bits: [0x00000203c9580000, 0x00000203d1550000)
 Next Bits: [0x00000203d1550000, 0x00000203d9520000)

Polling page: 0x00000203ae2a0000

Metaspace:

Usage:
  Non-class:     39.74 MB capacity,    39.47 MB (>99%) used,   219.78 KB ( <1%) free+waste,    61.69 KB ( <1%) overhead. 
      Class:      5.84 MB capacity,     5.71 MB ( 98%) used,   104.05 KB (  2%) free+waste,    23.50 KB ( <1%) overhead. 
       Both:     45.58 MB capacity,    45.18 MB (>99%) used,   323.84 KB ( <1%) free+waste,    85.19 KB ( <1%) overhead. 

Virtual space:
  Non-class space:       40.00 MB reserved,      39.92 MB (>99%) committed 
      Class space:        1.00 GB reserved,       5.88 MB ( <1%) committed 
             Both:        1.04 GB reserved,      45.80 MB (  4%) committed 

Chunk freelists:
   Non-Class:  57.00 KB
       Class:  5.00 KB
        Both:  62.00 KB

MaxMetaspaceSize: 17179869184.00 GB
CompressedClassSpaceSize: 1.00 GB

CodeHeap 'non-profiled nmethods': size=119168Kb used=4308Kb max_used=4308Kb free=114859Kb
 bounds [0x00000203be890000, 0x00000203becd0000, 0x00000203c5cf0000]
CodeHeap 'profiled nmethods': size=119104Kb used=11495Kb max_used=11495Kb free=107608Kb
 bounds [0x00000203b7440000, 0x00000203b7f80000, 0x00000203be890000]
CodeHeap 'non-nmethods': size=7488Kb used=3175Kb max_used=3194Kb free=4312Kb
 bounds [0x00000203b6cf0000, 0x00000203b7020000, 0x00000203b7440000]
 total_blobs=5529 nmethods=4971 adapters=463
 compilation: enabled
              stopped_count=0, restarted_count=0
 full_count=0

Compilation events (20 events):
Event: 7.777 Thread 0x00000203dd8dfa00 nmethod 5593 0x00000203b7482f90 code [0x00000203b7483140, 0x00000203b74832f8]
Event: 7.777 Thread 0x00000203dcf50620 nmethod 5592 0x00000203b7482b10 code [0x00000203b7482cc0, 0x00000203b7482ea8]
Event: 7.778 Thread 0x00000203dc5a4140 nmethod 5587 0x00000203b7481510 code [0x00000203b7481780, 0x00000203b7482678]
Event: 7.787 Thread 0x00000203dcf42be0 nmethod 5577 0x00000203b7f36a10 code [0x00000203b7f37ce0, 0x00000203b7f42798]
Event: 7.798 Thread 0x00000203dcf42be0 5594       3       io.github.classgraph.Scanner$3::processWorkUnit (11 bytes)
Event: 7.798 Thread 0x00000203dd8dfa00 5595   !   3       io.github.classgraph.Scanner$3::processWorkUnit (191 bytes)
Event: 7.798 Thread 0x00000203dc5a4140 5596       3       io.github.classgraph.Scanner$2::newInstance (10 bytes)
Event: 7.798 Thread 0x00000203dcf50620 5597   !   3       io.github.classgraph.Scanner$2::newInstance (596 bytes)
Event: 7.799 Thread 0x00000203dcf42be0 nmethod 5594 0x00000203b7481010 code [0x00000203b74811c0, 0x00000203b7481428]
Event: 7.799 Thread 0x00000203dc5a4140 nmethod 5596 0x00000203b7480b10 code [0x00000203b7480cc0, 0x00000203b7480f28]
Event: 7.801 Thread 0x00000203dd8dfa00 nmethod 5595 0x00000203b781dd90 code [0x00000203b781e220, 0x00000203b7820448]
Event: 7.806 Thread 0x00000203dcf50620 nmethod 5597 0x00000203b7b3ff90 code [0x00000203b7b40820, 0x00000203b7b450c8]
Event: 7.816 Thread 0x00000203dcf50620 5598       3       nonapi.io.github.classgraph.fileslice.ArraySlice::<init> (17 bytes)
Event: 7.816 Thread 0x00000203dcf50620 nmethod 5598 0x00000203b7480690 code [0x00000203b7480840, 0x00000203b7480a08]
Event: 7.816 Thread 0x00000203dcf50620 5599       3       nonapi.io.github.classgraph.fileslice.ArraySlice::randomAccessReader (22 bytes)
Event: 7.817 Thread 0x00000203dcf50620 nmethod 5599 0x00000203b7480110 code [0x00000203b74802c0, 0x00000203b7480578]
Event: 7.818 Thread 0x00000203dcf50620 5600       3       java.lang.Math::min (12 bytes)
Event: 7.818 Thread 0x00000203dcf50620 nmethod 5600 0x00000203b747fb90 code [0x00000203b747fd20, 0x00000203b747fe58]
Event: 7.818 Thread 0x00000203dcf50620 5601       3       io.github.classgraph.ClasspathElement::<init> (71 bytes)
Event: 7.819 Thread 0x00000203dcf50620 nmethod 5601 0x00000203b781c790 code [0x00000203b781ca20, 0x00000203b781d978]

GC Heap History (20 events):
Event: 1.710 GC heap before
{Heap before GC invocations=1 (full 0):
 garbage-first heap   total 524288K, used 27386K [0x0000000600c00000, 0x0000000800000000)
  region size 4096K, 6 young (24576K), 1 survivors (4096K)
 Metaspace       used 8403K, capacity 9531K, committed 9600K, reserved 1058816K
  class space    used 972K, capacity 1104K, committed 1152K, reserved 1048576K
}
Event: 1.713 GC heap after
{Heap after GC invocations=2 (full 0):
 garbage-first heap   total 524288K, used 8120K [0x0000000600c00000, 0x0000000800000000)
  region size 4096K, 1 young (4096K), 1 survivors (4096K)
 Metaspace       used 8403K, capacity 9531K, committed 9600K, reserved 1058816K
  class space    used 972K, capacity 1104K, committed 1152K, reserved 1048576K
}
Event: 2.634 GC heap before
{Heap before GC invocations=2 (full 0):
 garbage-first heap   total 524288K, used 57272K [0x0000000600c00000, 0x0000000800000000)
  region size 4096K, 13 young (53248K), 1 survivors (4096K)
 Metaspace       used 15918K, capacity 16093K, committed 16256K, reserved 1062912K
  class space    used 2065K, capacity 2134K, committed 2176K, reserved 1048576K
}
Event: 2.637 GC heap after
{Heap after GC invocations=3 (full 0):
 garbage-first heap   total 524288K, used 10641K [0x0000000600c00000, 0x0000000800000000)
  region size 4096K, 1 young (4096K), 1 survivors (4096K)
 Metaspace       used 15918K, capacity 16093K, committed 16256K, reserved 1062912K
  class space    used 2065K, capacity 2134K, committed 2176K, reserved 1048576K
}
Event: 3.015 GC heap before
{Heap before GC invocations=3 (full 0):
 garbage-first heap   total 524288K, used 67985K [0x0000000600c00000, 0x0000000800000000)
  region size 4096K, 17 young (69632K), 1 survivors (4096K)
 Metaspace       used 20952K, capacity 21166K, committed 21296K, reserved 1069056K
  class space    used 2568K, capacity 2645K, committed 2688K, reserved 1048576K
}
Event: 3.020 GC heap after
{Heap after GC invocations=4 (full 0):
 garbage-first heap   total 524288K, used 12198K [0x0000000600c00000, 0x0000000800000000)
  region size 4096K, 2 young (8192K), 2 survivors (8192K)
 Metaspace       used 20952K, capacity 21166K, committed 21296K, reserved 1069056K
  class space    used 2568K, capacity 2645K, committed 2688K, reserved 1048576K
}
Event: 3.581 GC heap before
{Heap before GC invocations=5 (full 0):
 garbage-first heap   total 69632K, used 44966K [0x0000000600c00000, 0x0000000800000000)
  region size 4096K, 10 young (40960K), 2 survivors (8192K)
 Metaspace       used 23867K, capacity 24195K, committed 24496K, reserved 1071104K
  class space    used 2960K, capacity 3053K, committed 3072K, reserved 1048576K
}
Event: 3.587 GC heap after
{Heap after GC invocations=6 (full 0):
 garbage-first heap   total 69632K, used 13095K [0x0000000600c00000, 0x0000000800000000)
  region size 4096K, 2 young (8192K), 2 survivors (8192K)
 Metaspace       used 23867K, capacity 24195K, committed 24496K, reserved 1071104K
  class space    used 2960K, capacity 3053K, committed 3072K, reserved 1048576K
}
Event: 4.534 GC heap before
{Heap before GC invocations=6 (full 0):
 garbage-first heap   total 69632K, used 41767K [0x0000000600c00000, 0x0000000800000000)
  region size 4096K, 9 young (36864K), 2 survivors (8192K)
 Metaspace       used 27776K, capacity 28120K, committed 28336K, reserved 1075200K
  class space    used 3460K, capacity 3583K, committed 3584K, reserved 1048576K
}
Event: 4.541 GC heap after
{Heap after GC invocations=7 (full 0):
 garbage-first heap   total 69632K, used 15143K [0x0000000600c00000, 0x0000000800000000)
  region size 4096K, 2 young (8192K), 2 survivors (8192K)
 Metaspace       used 27776K, capacity 28120K, committed 28336K, reserved 1075200K
  class space    used 3460K, capacity 3583K, committed 3584K, reserved 1048576K
}
Event: 5.155 GC heap before
{Heap before GC invocations=7 (full 0):
 garbage-first heap   total 69632K, used 39719K [0x0000000600c00000, 0x0000000800000000)
  region size 4096K, 9 young (36864K), 2 survivors (8192K)
 Metaspace       used 31901K, capacity 32235K, committed 32432K, reserved 1077248K
  class space    used 3965K, capacity 4077K, committed 4096K, reserved 1048576K
}
Event: 5.162 GC heap after
{Heap after GC invocations=8 (full 0):
 garbage-first heap   total 69632K, used 17615K [0x0000000600c00000, 0x0000000800000000)
  region size 4096K, 2 young (8192K), 2 survivors (8192K)
 Metaspace       used 31901K, capacity 32235K, committed 32432K, reserved 1077248K
  class space    used 3965K, capacity 4077K, committed 4096K, reserved 1048576K
}
Event: 5.641 GC heap before
{Heap before GC invocations=8 (full 0):
 garbage-first heap   total 69632K, used 42191K [0x0000000600c00000, 0x0000000800000000)
  region size 4096K, 8 young (32768K), 2 survivors (8192K)
 Metaspace       used 34662K, capacity 35073K, committed 35248K, reserved 1079296K
  class space    used 4424K, capacity 4572K, committed 4608K, reserved 1048576K
}
Event: 5.653 GC heap after
{Heap after GC invocations=9 (full 0):
 garbage-first heap   total 69632K, used 19851K [0x0000000600c00000, 0x0000000800000000)
  region size 4096K, 1 young (4096K), 1 survivors (4096K)
 Metaspace       used 34662K, capacity 35073K, committed 35248K, reserved 1079296K
  class space    used 4424K, capacity 4572K, committed 4608K, reserved 1048576K
}
Event: 5.758 GC heap before
{Heap before GC invocations=9 (full 0):
 garbage-first heap   total 69632K, used 23947K [0x0000000600c00000, 0x0000000800000000)
  region size 4096K, 3 young (12288K), 1 survivors (4096K)
 Metaspace       used 35515K, capacity 35841K, committed 35888K, reserved 1081344K
  class space    used 4564K, capacity 4700K, committed 4736K, reserved 1048576K
}
Event: 5.764 GC heap after
{Heap after GC invocations=10 (full 0):
 garbage-first heap   total 69632K, used 20892K [0x0000000600c00000, 0x0000000800000000)
  region size 4096K, 1 young (4096K), 1 survivors (4096K)
 Metaspace       used 35515K, capacity 35841K, committed 35888K, reserved 1081344K
  class space    used 4564K, capacity 4700K, committed 4736K, reserved 1048576K
}
Event: 6.455 GC heap before
{Heap before GC invocations=11 (full 0):
 garbage-first heap   total 69632K, used 41372K [0x0000000600c00000, 0x0000000800000000)
  region size 4096K, 7 young (28672K), 1 survivors (4096K)
 Metaspace       used 39703K, capacity 40083K, committed 40240K, reserved 1085440K
  class space    used 5108K, capacity 5216K, committed 5248K, reserved 1048576K
}
Event: 6.463 GC heap after
{Heap after GC invocations=12 (full 0):
 garbage-first heap   total 69632K, used 22925K [0x0000000600c00000, 0x0000000800000000)
  region size 4096K, 1 young (4096K), 1 survivors (4096K)
 Metaspace       used 39703K, capacity 40083K, committed 40240K, reserved 1085440K
  class space    used 5108K, capacity 5216K, committed 5248K, reserved 1048576K
}
Event: 7.098 GC heap before
{Heap before GC invocations=12 (full 0):
 garbage-first heap   total 69632K, used 43405K [0x0000000600c00000, 0x0000000800000000)
  region size 4096K, 7 young (28672K), 1 survivors (4096K)
 Metaspace       used 43353K, capacity 43717K, committed 43824K, reserved 1087488K
  class space    used 5531K, capacity 5655K, committed 5760K, reserved 1048576K
}
Event: 7.109 GC heap after
{Heap after GC invocations=13 (full 0):
 garbage-first heap   total 299008K, used 25142K [0x0000000600c00000, 0x0000000800000000)
  region size 4096K, 1 young (4096K), 1 survivors (4096K)
 Metaspace       used 43353K, capacity 43717K, committed 43824K, reserved 1087488K
  class space    used 5531K, capacity 5655K, committed 5760K, reserved 1048576K
}

Deoptimization events (20 events):
Event: 7.779 Thread 0x00000203e0f222e0 DEOPT PACKING pc=0x00000203bea3d2d4 sp=0x00000038637fd600
Event: 7.779 Thread 0x00000203e0f222e0 DEOPT UNPACKING pc=0x00000203b6d3e23f sp=0x00000038637fca90 mode 1
Event: 7.780 Thread 0x00000203e0f222e0 DEOPT PACKING pc=0x00000203bea3d2d4 sp=0x00000038637fd600
Event: 7.780 Thread 0x00000203e0f222e0 DEOPT UNPACKING pc=0x00000203b6d3e23f sp=0x00000038637fca90 mode 1
Event: 7.787 Thread 0x00000203e0f222e0 DEOPT PACKING pc=0x00000203bea3d2d4 sp=0x00000038637fd850
Event: 7.787 Thread 0x00000203e0f222e0 DEOPT UNPACKING pc=0x00000203b6d3e23f sp=0x00000038637fcce0 mode 1
Event: 7.790 Thread 0x00000203e0f222e0 DEOPT PACKING pc=0x00000203bea3d2d4 sp=0x00000038637fd850
Event: 7.790 Thread 0x00000203e0f222e0 DEOPT UNPACKING pc=0x00000203b6d3e23f sp=0x00000038637fcce0 mode 1
Event: 7.794 Thread 0x00000203e0f222e0 DEOPT PACKING pc=0x00000203bea3d2d4 sp=0x00000038637fd850
Event: 7.794 Thread 0x00000203e0f222e0 DEOPT UNPACKING pc=0x00000203b6d3e23f sp=0x00000038637fcce0 mode 1
Event: 7.802 Thread 0x00000203e0f222e0 DEOPT PACKING pc=0x00000203bea3d2d4 sp=0x00000038637fd850
Event: 7.802 Thread 0x00000203e0f222e0 DEOPT UNPACKING pc=0x00000203b6d3e23f sp=0x00000038637fcce0 mode 1
Event: 7.808 Thread 0x00000203e0f222e0 DEOPT PACKING pc=0x00000203bea3d2d4 sp=0x00000038637fd850
Event: 7.808 Thread 0x00000203e0f222e0 DEOPT UNPACKING pc=0x00000203b6d3e23f sp=0x00000038637fcce0 mode 1
Event: 7.809 Thread 0x00000203e0f222e0 DEOPT PACKING pc=0x00000203bea3d2d4 sp=0x00000038637fd850
Event: 7.809 Thread 0x00000203e0f222e0 DEOPT UNPACKING pc=0x00000203b6d3e23f sp=0x00000038637fcce0 mode 1
Event: 7.812 Thread 0x00000203e0f222e0 DEOPT PACKING pc=0x00000203bea3d2d4 sp=0x00000038637fd850
Event: 7.812 Thread 0x00000203e0f222e0 DEOPT UNPACKING pc=0x00000203b6d3e23f sp=0x00000038637fcce0 mode 1
Event: 7.813 Thread 0x00000203e0f222e0 DEOPT PACKING pc=0x00000203bea3d2d4 sp=0x00000038637fd850
Event: 7.813 Thread 0x00000203e0f222e0 DEOPT UNPACKING pc=0x00000203b6d3e23f sp=0x00000038637fcce0 mode 1

Classes unloaded (0 events):
No events

Classes redefined (0 events):
No events

Internal exceptions (20 events):
Event: 6.920 Thread 0x00000203aead3a10 Exception <a 'java/lang/ClassNotFoundException'{0x00000006042c2a50}: org/springframework/context/ApplicationContextAwareCustomizer> (0x00000006042c2a50) 
thrown [./open/src/hotspot/share/classfile/systemDictionary.cpp, line 295]
Event: 6.921 Thread 0x00000203aead3a10 Exception <a 'java/lang/ClassNotFoundException'{0x00000006042c7c50}: org/springframework/beans/factory/AwareCustomizer> (0x00000006042c7c50) 
thrown [./open/src/hotspot/share/classfile/systemDictionary.cpp, line 295]
Event: 6.929 Thread 0x00000203aead3a10 Exception <a 'java/lang/ClassNotFoundException'{0x0000000604340bb8}: java/lang/ObjectCustomizer> (0x0000000604340bb8) 
thrown [./open/src/hotspot/share/classfile/systemDictionary.cpp, line 295]
Event: 6.931 Thread 0x00000203aead3a10 Exception <a 'java/lang/ClassNotFoundException'{0x0000000604348938}: org/springframework/context/support/ApplicationObjectSupportCustomizer> (0x0000000604348938) 
thrown [./open/src/hotspot/share/classfile/systemDictionary.cpp, line 295]
Event: 6.933 Thread 0x00000203aead3a10 Exception <a 'java/lang/ClassNotFoundException'{0x000000060434fbe8}: org/springframework/web/context/support/WebApplicationObjectSupportCustomizer> (0x000000060434fbe8) 
thrown [./open/src/hotspot/share/classfile/systemDictionary.cpp, line 295]
Event: 6.934 Thread 0x00000203aead3a10 Exception <a 'java/lang/ClassNotFoundException'{0x00000006043556b0}: org/springframework/web/servlet/handler/AbstractHandlerMappingCustomizer> (0x00000006043556b0) 
thrown [./open/src/hotspot/share/classfile/systemDictionary.cpp, line 295]
Event: 6.936 Thread 0x00000203aead3a10 Exception <a 'java/lang/ClassNotFoundException'{0x0000000604368740}: org/springframework/web/servlet/function/support/RouterFunctionMappingCustomizer> (0x0000000604368740) 
thrown [./open/src/hotspot/share/classfile/systemDictionary.cpp, line 295]
Event: 6.939 Thread 0x00000203aead3a10 Exception <a 'java/lang/ClassNotFoundException'{0x0000000604384188}: org/springframework/beans/factory/InitializingBeanCustomizer> (0x0000000604384188) 
thrown [./open/src/hotspot/share/classfile/systemDictionary.cpp, line 295]
Event: 6.940 Thread 0x00000203aead3a10 Exception <a 'java/lang/ClassNotFoundException'{0x0000000604388828}: org/springframework/web/servlet/HandlerMappingCustomizer> (0x0000000604388828) 
thrown [./open/src/hotspot/share/classfile/systemDictionary.cpp, line 295]
Event: 6.942 Thread 0x00000203aead3a10 Exception <a 'java/lang/ClassNotFoundException'{0x000000060438d100}: org/springframework/core/OrderedCustomizer> (0x000000060438d100) 
thrown [./open/src/hotspot/share/classfile/systemDictionary.cpp, line 295]
Event: 6.943 Thread 0x00000203aead3a10 Exception <a 'java/lang/ClassNotFoundException'{0x0000000604391a70}: org/springframework/beans/factory/BeanNameAwareCustomizer> (0x0000000604391a70) 
thrown [./open/src/hotspot/share/classfile/systemDictionary.cpp, line 295]
Event: 6.945 Thread 0x00000203aead3a10 Exception <a 'java/lang/ClassNotFoundException'{0x00000006043964a8}: org/springframework/beans/factory/AwareCustomizer> (0x00000006043964a8) 
thrown [./open/src/hotspot/share/classfile/systemDictionary.cpp, line 295]
Event: 6.947 Thread 0x00000203aead3a10 Exception <a 'java/lang/ClassNotFoundException'{0x000000060439a300}: org/springframework/web/context/ServletContextAwareCustomizer> (0x000000060439a300) 
thrown [./open/src/hotspot/share/classfile/systemDictionary.cpp, line 295]
Event: 6.948 Thread 0x00000203aead3a10 Exception <a 'java/lang/ClassNotFoundException'{0x000000060439ed90}: org/springframework/beans/factory/AwareCustomizer> (0x000000060439ed90) 
thrown [./open/src/hotspot/share/classfile/systemDictionary.cpp, line 295]
Event: 6.950 Thread 0x00000203aead3a10 Exception <a 'java/lang/ClassNotFoundException'{0x00000006043a2be8}: org/springframework/context/ApplicationContextAwareCustomizer> (0x00000006043a2be8) 
thrown [./open/src/hotspot/share/classfile/systemDictionary.cpp, line 295]
Event: 6.950 Thread 0x00000203e0f222e0 Exception <a 'java/lang/NoSuchMethodError'{0x0000000603c1b0f8}: 'java.lang.Object java.lang.invoke.DirectMethodHandle$Holder.invokeStaticInit(java.lang.Object, java.lang.Object, java.lang.Object, java.lang.Object)'> (0x0000000603c1b0f8) 
thrown [./open/src/hotspot/share/interpreter/linkResolver.cpp, line 782]
Event: 6.952 Thread 0x00000203aead3a10 Exception <a 'java/lang/ClassNotFoundException'{0x00000006043a7de8}: org/springframework/beans/factory/AwareCustomizer> (0x00000006043a7de8) 
thrown [./open/src/hotspot/share/classfile/systemDictionary.cpp, line 295]
Event: 6.957 Thread 0x00000203aead3a10 Exception <a 'java/lang/IncompatibleClassChangeError'{0x00000006043cbb28}: Found class java.lang.Object, but interface was expected> (0x00000006043cbb28) 
thrown [./open/src/hotspot/share/interpreter/linkResolver.cpp, line 848]
Event: 7.473 Thread 0x00000203f8dca470 Implicit null exception at 0x00000203beab8f72 to 0x00000203beab9028
Event: 7.497 Thread 0x00000203e0f222e0 Implicit null exception at 0x00000203bea0ae76 to 0x00000203bea0b768

Events (20 events):
Event: 7.807 loading class org/hibernate/internal/CoreMessageLogger_$logger_en_GB done
Event: 7.808 loading class org/hibernate/internal/CoreMessageLogger_$logger_en
Event: 7.808 loading class org/hibernate/internal/CoreMessageLogger_$logger_en done
Event: 7.810 loading class org/hibernate/event/internal/DefaultEvictEventListener
Event: 7.810 loading class org/hibernate/event/internal/DefaultEvictEventListener done
Event: 7.811 loading class org/hibernate/internal/CoreMessageLogger_$logger_en_GB
Event: 7.811 loading class org/hibernate/internal/CoreMessageLogger_$logger_en_GB done
Event: 7.812 loading class org/hibernate/internal/CoreMessageLogger_$logger_en
Event: 7.812 loading class org/hibernate/internal/CoreMessageLogger_$logger_en done
Event: 7.813 loading class org/hibernate/event/internal/DefaultFlushEventListener
Event: 7.813 loading class org/hibernate/event/internal/DefaultFlushEventListener done
Event: 7.815 loading class org/hibernate/event/internal/DefaultFlushEntityEventListener
Event: 7.815 loading class org/hibernate/event/internal/DefaultFlushEntityEventListener done
Event: 7.817 loading class org/hibernate/StaleObjectStateException
Event: 7.817 loading class org/hibernate/StaleObjectStateException done
Event: 7.818 loading class org/hibernate/StaleStateException
Event: 7.818 loading class org/hibernate/StaleStateException done
Event: 7.820 loading class org/hibernate/CustomEntityDirtinessStrategy$DirtyCheckContext
Event: 7.820 loading class org/hibernate/CustomEntityDirtinessStrategy$DirtyCheckContext done
Event: 7.821 Executing VM operation: ICBufferFull


Dynamic libraries:
0x00007ff70d090000 - 0x00007ff70d09d000 	C:\Program Files\Java\jdk-15\bin\java.exe
0x00007ffaa00f0000 - 0x00007ffaa02e6000 	C:\Windows\SYSTEM32\ntdll.dll
0x00007ffa9e3b0000 - 0x00007ffa9e46d000 	C:\Windows\System32\KERNEL32.DLL
0x00007ffa9db30000 - 0x00007ffa9ddf9000 	C:\Windows\System32\KERNELBASE.dll
0x00007ffa9de00000 - 0x00007ffa9df00000 	C:\Windows\System32\ucrtbase.dll
0x00007ffa99570000 - 0x00007ffa99588000 	C:\Program Files\Java\jdk-15\bin\jli.dll
0x00007ffa99590000 - 0x00007ffa995a9000 	C:\Program Files\Java\jdk-15\bin\VCRUNTIME140.dll
0x00007ffa9f820000 - 0x00007ffa9f9c0000 	C:\Windows\System32\USER32.dll
0x00007ffa9e120000 - 0x00007ffa9e142000 	C:\Windows\System32\win32u.dll
0x00007ffa9e6f0000 - 0x00007ffa9e71a000 	C:\Windows\System32\GDI32.dll
0x00007ffa9e010000 - 0x00007ffa9e11b000 	C:\Windows\System32\gdi32full.dll
0x00007ffa9da40000 - 0x00007ffa9dadd000 	C:\Windows\System32\msvcp_win.dll
0x00007ffa8ff10000 - 0x00007ffa901ab000 	C:\Windows\WinSxS\amd64_microsoft.windows.common-controls_6595b64144ccf1df_6.0.19041.746_none_ca02b4b61b8320a4\COMCTL32.dll
0x00007ffa9e650000 - 0x00007ffa9e6ee000 	C:\Windows\System32\msvcrt.dll
0x00007ffa9f470000 - 0x00007ffa9f4a0000 	C:\Windows\System32\IMM32.DLL
0x00007ffa99790000 - 0x00007ffa9979c000 	C:\Program Files\Java\jdk-15\bin\vcruntime140_1.dll
0x00007ffa96d70000 - 0x00007ffa96e01000 	C:\Program Files\Java\jdk-15\bin\msvcp140.dll
0x00007ffa83ea0000 - 0x00007ffa849fc000 	C:\Program Files\Java\jdk-15\bin\server\jvm.dll
0x00007ffa9f5b0000 - 0x00007ffa9f65c000 	C:\Windows\System32\ADVAPI32.dll
0x00007ffa9e720000 - 0x00007ffa9e7bc000 	C:\Windows\System32\sechost.dll
0x00007ffa9e1d0000 - 0x00007ffa9e2fb000 	C:\Windows\System32\RPCRT4.dll
0x00007ffa9f660000 - 0x00007ffa9f668000 	C:\Windows\System32\PSAPI.DLL
0x00007ffa93500000 - 0x00007ffa93527000 	C:\Windows\SYSTEM32\WINMM.dll
0x00007ffa8d280000 - 0x00007ffa8d289000 	C:\Windows\SYSTEM32\WSOCK32.dll
0x00007ffa9e150000 - 0x00007ffa9e1bb000 	C:\Windows\System32\WS2_32.dll
0x00007ffa93530000 - 0x00007ffa9353a000 	C:\Windows\SYSTEM32\VERSION.dll
0x00007ffa9b7b0000 - 0x00007ffa9b7c2000 	C:\Windows\SYSTEM32\kernel.appcore.dll
0x00007ffa99560000 - 0x00007ffa9956a000 	C:\Program Files\Java\jdk-15\bin\jimage.dll
0x00007ffa90660000 - 0x00007ffa90844000 	C:\Windows\SYSTEM32\DBGHELP.DLL
0x00007ffa81d00000 - 0x00007ffa81d2c000 	C:\Windows\SYSTEM32\dbgcore.DLL
0x00007ffa9d990000 - 0x00007ffa9da10000 	C:\Windows\System32\bcryptPrimitives.dll
0x00007ffa96c70000 - 0x00007ffa96ca9000 	C:\Program Files\Java\jdk-15\bin\jdwp.dll
0x00007ffa98d10000 - 0x00007ffa98d1e000 	C:\Program Files\Java\jdk-15\bin\instrument.dll
0x00007ffa98d20000 - 0x00007ffa98d45000 	C:\Program Files\Java\jdk-15\bin\java.dll
0x00007ffa9e830000 - 0x00007ffa9ef73000 	C:\Windows\System32\SHELL32.dll
0x00007ffa9b9b0000 - 0x00007ffa9c13f000 	C:\Windows\SYSTEM32\windows.storage.dll
0x00007ffa9f110000 - 0x00007ffa9f466000 	C:\Windows\System32\combase.dll
0x00007ffa9d290000 - 0x00007ffa9d2bc000 	C:\Windows\SYSTEM32\Wldp.dll
0x00007ffa9f500000 - 0x00007ffa9f5ae000 	C:\Windows\System32\SHCORE.dll
0x00007ffa9e7c0000 - 0x00007ffa9e815000 	C:\Windows\System32\shlwapi.dll
0x00007ffa9d760000 - 0x00007ffa9d786000 	C:\Windows\SYSTEM32\profapi.dll
0x00007ffa98d00000 - 0x00007ffa98d0b000 	C:\Program Files\Java\jdk-15\bin\dt_socket.dll
0x00007ffa9ccb0000 - 0x00007ffa9cceb000 	C:\Windows\SYSTEM32\IPHLPAPI.DLL
0x00007ffa9d010000 - 0x00007ffa9d07a000 	C:\Windows\system32\mswsock.dll
0x00007ffa96c50000 - 0x00007ffa96c68000 	C:\Program Files\Java\jdk-15\bin\zip.dll
0x00007ffa98c30000 - 0x00007ffa98c49000 	C:\Program Files\Java\jdk-15\bin\net.dll
0x00007ffa95e00000 - 0x00007ffa95f00000 	C:\Windows\SYSTEM32\WINHTTP.dll
0x00007ffa96d50000 - 0x00007ffa96d62000 	C:\Program Files\Java\jdk-15\bin\nio.dll
0x00007ffa98c20000 - 0x00007ffa98c30000 	C:\Program Files\Java\jdk-15\bin\verify.dll
0x00007ffa96c40000 - 0x00007ffa96c49000 	C:\Program Files\Java\jdk-15\bin\management.dll
0x00007ffa96c20000 - 0x00007ffa96c2b000 	C:\Program Files\Java\jdk-15\bin\management_ext.dll
0x00007ffa8dfa0000 - 0x00007ffa8dfb7000 	C:\Windows\system32\napinsp.dll
0x00007ffa8dc80000 - 0x00007ffa8dc9b000 	C:\Windows\system32\pnrpnsp.dll
0x00007ffa8da50000 - 0x00007ffa8da65000 	C:\Windows\system32\wshbth.dll
0x00007ffa99540000 - 0x00007ffa9955d000 	C:\Windows\system32\NLAapi.dll
0x00007ffa9cd00000 - 0x00007ffa9cdcb000 	C:\Windows\SYSTEM32\DNSAPI.dll
0x00007ffa9e1c0000 - 0x00007ffa9e1c8000 	C:\Windows\System32\NSI.dll
0x00007ffa8d7c0000 - 0x00007ffa8d7d2000 	C:\Windows\System32\winrnr.dll
0x00007ffa94fd0000 - 0x00007ffa94fda000 	C:\Windows\System32\rasadhlp.dll
0x00007ffa95000000 - 0x00007ffa9507f000 	C:\Windows\System32\fwpuclnt.dll
0x00007ffa9da10000 - 0x00007ffa9da37000 	C:\Windows\System32\bcrypt.dll
0x00007ffa9d1e0000 - 0x00007ffa9d1f8000 	C:\Windows\SYSTEM32\CRYPTSP.dll
0x00007ffa9c940000 - 0x00007ffa9c974000 	C:\Windows\system32\rsaenh.dll
0x00007ffa9d720000 - 0x00007ffa9d74e000 	C:\Windows\SYSTEM32\USERENV.dll
0x00007ffa9d200000 - 0x00007ffa9d20c000 	C:\Windows\SYSTEM32\CRYPTBASE.dll
0x00007ffa97ee0000 - 0x00007ffa97ef7000 	C:\Windows\SYSTEM32\dhcpcsvc6.DLL
0x00007ffa97ec0000 - 0x00007ffa97edd000 	C:\Windows\SYSTEM32\dhcpcsvc.DLL

dbghelp: loaded successfully - version: 4.0.5 - missing functions: none
symbol engine: initialized successfully - sym options: 0x614 - pdb path: .;C:\Program Files\Java\jdk-15\bin;C:\Windows\SYSTEM32;C:\Windows\WinSxS\amd64_microsoft.windows.common-controls_6595b64144ccf1df_6.0.19041.746_none_ca02b4b61b8320a4;C:\Program Files\Java\jdk-15\bin\server

VM Arguments:
jvm_args: -agentlib:jdwp=transport=dt_socket,address=127.0.0.1:50665,suspend=y,server=n -ea -Didea.test.cyclic.buffer.size=1048576 -javaagent:C:\Users\tomas\AppData\Local\JetBrains\IdeaIC2020.2\captureAgent\debugger-agent.jar -Dfile.encoding=UTF-8 
java_command: com.intellij.rt.junit.JUnitStarter -ideVersion5 -junit4 sk.krayo.dbproject.DatabaseMetaDataStatsServiceTest,testGetColumnStats
java_class_path (initial): C:\Program Files\JetBrains\IntelliJ IDEA Community Edition 2020.2.3\lib\idea_rt.jar;C:\Program Files\JetBrains\IntelliJ IDEA Community Edition 2020.2.3\plugins\junit\lib\junit5-rt.jar;C:\Program Files\JetBrains\IntelliJ IDEA Community Edition 2020.2.3\plugins\junit\lib\junit-rt.jar;C:\dev\db-viewer\db-viewer-server\target\test-classes;C:\dev\db-viewer\db-viewer-server\target\classes;C:\Users\tomas\.m2\repository\org\springframework\boot\spring-boot-starter-data-jpa\2.4.0\spring-boot-starter-data-jpa-2.4.0.jar;C:\Users\tomas\.m2\repository\org\springframework\boot\spring-boot-starter-aop\2.4.0\spring-boot-starter-aop-2.4.0.jar;C:\Users\tomas\.m2\repository\org\springframework\spring-aop\5.3.1\spring-aop-5.3.1.jar;C:\Users\tomas\.m2\repository\org\aspectj\aspectjweaver\1.9.6\aspectjweaver-1.9.6.jar;C:\Users\tomas\.m2\repository\org\springframework\boot\spring-boot-starter-jdbc\2.4.0\spring-boot-starter-jdbc-2.4.0.jar;C:\Users\tomas\.m2\repository\com\zaxxer\HikariCP\3.4.5\HikariCP-3.4.5.jar;C:\Users\tomas\.m2\repository\org\springframework\spring-jdbc\5.3.1\spring-jdbc-5.3.1.jar;C:\Users\tomas\.m2\repository\jakarta\transaction\jakarta.transaction-api\1.3.3\jakarta.transaction-api-1.3.3.jar;C:\Users\tomas\.m2\repository\jakarta\persistence\jakarta.persistence-api\2.2.3\jakarta.persistence-api-2.2.3.jar;C:\Users\tomas\.m2\repository\org\hibernate\hibernate-core\5.4.23.Final\hibernate-core-5.4.23.Final.jar;C:\Users\tomas\.m2\repository\org\jboss\logging\jboss-logging\3.4.1.Final\jboss-logging-3.4.1.Final.jar;C:\Users\tomas\.m2\repository\org\javassist\javassist\3.24.0-GA\javassist-3.24.0-GA.jar;C:\Users\tomas\.m2\repository\net\bytebuddy\byte-buddy\1.10.18\byte-buddy-1.10.18.jar;C:\Users\tomas\.m2\repository\antlr\antlr\2.7.7\antlr-2.7.7.jar;C:\Users\tomas\.m2\repository\org\jboss\jandex\2.1.3.Final\jandex-2.1.3.Final.jar;C:\Users\tomas\.m2\repository\com\fasterxml\classmate\1.5.1\classmate-1.5.1.jar;C:\Users\tomas\.m2\repository\org\dom4j\d
Launcher Type: SUN_STANDARD

[Global flags]
     intx CICompilerCount                          = 12                                        {product} {ergonomic}
     uint ConcGCThreads                            = 3                                         {product} {ergonomic}
     uint G1ConcRefinementThreads                  = 13                                        {product} {ergonomic}
   size_t G1HeapRegionSize                         = 4194304                                   {product} {ergonomic}
    uintx GCDrainStackTargetSize                   = 64                                        {product} {ergonomic}
   size_t InitialHeapSize                          = 536870912                                 {product} {ergonomic}
   size_t MarkStackSize                            = 4194304                                   {product} {ergonomic}
   size_t MaxHeapSize                              = 8577351680                                {product} {ergonomic}
   size_t MaxNewSize                               = 5146411008                                {product} {ergonomic}
   size_t MinHeapDeltaBytes                        = 4194304                                   {product} {ergonomic}
   size_t MinHeapSize                              = 8388608                                   {product} {ergonomic}
    uintx NonNMethodCodeHeapSize                   = 7602480                                {pd product} {ergonomic}
    uintx NonProfiledCodeHeapSize                  = 122027880                              {pd product} {ergonomic}
    uintx ProfiledCodeHeapSize                     = 122027880                              {pd product} {ergonomic}
    uintx ReservedCodeCacheSize                    = 251658240                              {pd product} {ergonomic}
     bool SegmentedCodeCache                       = true                                      {product} {ergonomic}
   size_t SoftMaxHeapSize                          = 8577351680                             {manageable} {ergonomic}
     bool UseCompressedClassPointers               = true                                 {lp64_product} {ergonomic}
     bool UseCompressedOops                        = true                                 {lp64_product} {ergonomic}
     bool UseG1GC                                  = true                                      {product} {ergonomic}
     bool UseLargePagesIndividualAllocation        = false                                  {pd product} {ergonomic}

Logging:
Log output configuration:
 #0: stdout all=warning uptime,level,tags
 #1: stderr all=off uptime,level,tags

Environment Variables:
JAVA_HOME=C:\Program Files\Java\jdk-15
PATH=C:\Windows\system32;C:\Windows;C:\Windows\System32\Wbem;C:\Windows\System32\WindowsPowerShell\v1.0\;C:\Windows\System32\OpenSSH\;C:\Program Files\Java\jdk-15\bin;C:\Program Files\Maven\apache-maven-3.6.3\bin;C:\Program Files\Maven\apache-maven-3.6.3\bin;C:\Program Files\nodejs\;C:\Program Files\Docker\Docker\resources\bin;C:\ProgramData\DockerDesktop\version-bin;C:\Program Files (x86)\Yarn\bin\;C:\Program Files\Git\cmd;C:\Users\tomas\AppData\Local\Microsoft\WindowsApps;;C:\Users\tomas\AppData\Local\Programs\Microsoft VS Code\bin;C:\Users\tomas\AppData\Roaming\npm;C:\Program Files\Azure Data Studio\bin;C:\Users\tomas\AppData\Local\Yarn\bin
USERNAME=tomas
OS=Windows_NT
PROCESSOR_IDENTIFIER=AMD64 Family 23 Model 1 Stepping 1, AuthenticAMD



---------------  S Y S T E M  ---------------

OS:
 Windows 10 , 64 bit Build 19041 (10.0.19041.662)
OS uptime: 0 days 0:43 hours

CPU: total 16 (initial active 16) (16 cores per cpu, 2 threads per core) family 23 model 1 stepping 1, cmov, cx8, fxsr, mmx, sse, sse2, sse3, ssse3, sse4.1, sse4.2, popcnt, vzeroupper, avx, avx2, aes, clmul, 3dnowpref, lzcnt, sse4a, ht, tsc, tscinvbit, tscinv, bmi1, bmi2, adx, sha, fma, clflush, clflushopt

Memory: 4k page, system-wide physical 32718M (21224M free)
TotalPageFile size 52174M (AvailPageFile size 36358M)
current process WorkingSet (physical memory assigned to process): 670M, peak: 670M
current process commit charge ("private bytes"): 826M, peak: 836M

vm_info: OpenJDK 64-Bit Server VM (15+36-1562) for windows-amd64 JRE (15+36-1562), built on Aug 11 2020 22:33:04 by "mach5one" with unknown MS VC++:1925

END.
