#
# There is insufficient memory for the Java Runtime Environment to continue.
# Native memory allocation (malloc) failed to allocate 884656 bytes for Chunk::new
# Possible reasons:
#   The system is out of physical RAM or swap space
#   The process is running with CompressedOops enabled, and the Java Heap may be blocking the growth of the native heap
# Possible solutions:
#   Reduce memory load on the system
#   Increase physical memory or swap space
#   Check if swap backing store is full
#   Decrease Java heap size (-Xmx/-Xms)
#   Decrease number of Java threads
#   Decrease Java thread stack sizes (-Xss)
#   Set larger code cache with -XX:ReservedCodeCacheSize=
#   JVM is running with Zero Based Compressed Oops mode in which the Java heap is
#     placed in the first 32GB address space. The Java Heap base address is the
#     maximum limit for the native heap growth. Please use -XX:HeapBaseMinAddress
#     to set the Java Heap base and to place the Java Heap above 32GB virtual address.
# This output file may be truncated or incomplete.
#
#  Out of Memory Error (./open/src/hotspot/share/memory/arena.cpp:195), pid=6700, tid=9336
#
# JRE version: OpenJDK Runtime Environment (15.0+36) (build 15+36-1562)
# Java VM: OpenJDK 64-Bit Server VM (15+36-1562, mixed mode, sharing, tiered, compressed oops, g1 gc, windows-amd64)
# No core dump will be written. Minidumps are not enabled by default on client versions of Windows
#

---------------  S U M M A R Y ------------

Command Line: -ea -Didea.test.cyclic.buffer.size=1048576 -javaagent:C:\Program Files\JetBrains\IntelliJ IDEA Community Edition 2020.2.3\lib\idea_rt.jar=63049:C:\Program Files\JetBrains\IntelliJ IDEA Community Edition 2020.2.3\bin -Dfile.encoding=UTF-8 com.intellij.rt.junit.JUnitStarter -ideVersion5 -junit4 sk.krayo.dbproject.DatabaseMetaDataStatsServiceTest

Host: AMD Ryzen 7 1700 Eight-Core Processor          , 16 cores, 31G,  Windows 10 , 64 bit Build 19041 (10.0.19041.662)
Time: Sun Feb  7 19:11:43 2021 Central Europe Standard Time elapsed time: 2.066879 seconds (0d 0h 0m 2s)

---------------  T H R E A D  ---------------

Current thread (0x000001e2e0b580b0):  JavaThread "C2 CompilerThread2" daemon [_thread_in_native, id=9336, stack(0x0000002343400000,0x0000002343500000)]


Current CompileTask:
C2:   2066 2016       4       org.springframework.boot.context.properties.source.ConfigurationPropertyName$ElementsParser::parse (234 bytes)

Stack: [0x0000002343400000,0x0000002343500000]
Native frames: (J=compiled Java code, j=interpreted, Vv=VM code, C=native code)
V  [jvm.dll+0x629eaa]
V  [jvm.dll+0x780379]
V  [jvm.dll+0x781ad3]
V  [jvm.dll+0x782133]
V  [jvm.dll+0x2159d5]
V  [jvm.dll+0x9794a]
V  [jvm.dll+0x9802c]
V  [jvm.dll+0x32dbd8]
V  [jvm.dll+0x2f6ffa]
V  [jvm.dll+0x2f63ba]
V  [jvm.dll+0x1e9dd5]
V  [jvm.dll+0x1e903e]
V  [jvm.dll+0x177f17]
V  [jvm.dll+0x1f88f5]
V  [jvm.dll+0x1f699c]
V  [jvm.dll+0x74384d]
V  [jvm.dll+0x73c64a]
V  [jvm.dll+0x628d16]
C  [ucrtbase.dll+0x214c2]
C  [KERNEL32.DLL+0x17034]
C  [ntdll.dll+0x4d0d1]


---------------  P R O C E S S  ---------------

Threads class SMR info:
_java_thread_list=0x000001e2e2044bf0, length=18, elements={
0x000001e2b1e13120, 0x000001e2df8c7e50, 0x000001e2df8c8930, 0x000001e2df8e7ab0,
0x000001e2df8eab90, 0x000001e2df8eb450, 0x000001e2df8ed960, 0x000001e2df8f1c70,
0x000001e2df904d40, 0x000001e2e027b270, 0x000001e2e027f2f0, 0x000001e2e0281810,
0x000001e2e02d6730, 0x000001e2e0341e50, 0x000001e2e034b440, 0x000001e2e0b580b0,
0x000001e2e104d1c0, 0x000001e2e2041460
}

Java Threads: ( => current thread )
  0x000001e2b1e13120 JavaThread "main" [_thread_in_vm, id=9536, stack(0x0000002341e00000,0x0000002341f00000)]
  0x000001e2df8c7e50 JavaThread "Reference Handler" daemon [_thread_blocked, id=6408, stack(0x0000002342500000,0x0000002342600000)]
  0x000001e2df8c8930 JavaThread "Finalizer" daemon [_thread_blocked, id=16400, stack(0x0000002342600000,0x0000002342700000)]
  0x000001e2df8e7ab0 JavaThread "Signal Dispatcher" daemon [_thread_blocked, id=16604, stack(0x0000002342700000,0x0000002342800000)]
  0x000001e2df8eab90 JavaThread "Attach Listener" daemon [_thread_blocked, id=7180, stack(0x0000002342800000,0x0000002342900000)]
  0x000001e2df8eb450 JavaThread "Service Thread" daemon [_thread_blocked, id=11360, stack(0x0000002342900000,0x0000002342a00000)]
  0x000001e2df8ed960 JavaThread "C2 CompilerThread0" daemon [_thread_blocked, id=10220, stack(0x0000002342a00000,0x0000002342b00000)]
  0x000001e2df8f1c70 JavaThread "C1 CompilerThread0" daemon [_thread_blocked, id=11860, stack(0x0000002342b00000,0x0000002342c00000)]
  0x000001e2df904d40 JavaThread "Sweeper thread" daemon [_thread_blocked, id=10468, stack(0x0000002342c00000,0x0000002342d00000)]
  0x000001e2e027b270 JavaThread "Common-Cleaner" daemon [_thread_blocked, id=16464, stack(0x0000002342d00000,0x0000002342e00000)]
  0x000001e2e027f2f0 JavaThread "C1 CompilerThread1" daemon [_thread_blocked, id=16228, stack(0x0000002342e00000,0x0000002342f00000)]
  0x000001e2e0281810 JavaThread "C1 CompilerThread2" daemon [_thread_blocked, id=11236, stack(0x0000002342f00000,0x0000002343000000)]
  0x000001e2e02d6730 JavaThread "C2 CompilerThread1" daemon [_thread_blocked, id=16240, stack(0x0000002343000000,0x0000002343100000)]
  0x000001e2e0341e50 JavaThread "Monitor Ctrl-Break" daemon [_thread_in_native, id=2728, stack(0x0000002343100000,0x0000002343200000)]
  0x000001e2e034b440 JavaThread "Notification Thread" daemon [_thread_blocked, id=7716, stack(0x0000002343200000,0x0000002343300000)]
=>0x000001e2e0b580b0 JavaThread "C2 CompilerThread2" daemon [_thread_in_native, id=9336, stack(0x0000002343400000,0x0000002343500000)]
  0x000001e2e104d1c0 JavaThread "C1 CompilerThread3" daemon [_thread_blocked, id=2464, stack(0x0000002343500000,0x0000002343600000)]
  0x000001e2e2041460 JavaThread "background-preinit" [_thread_in_Java, id=9692, stack(0x0000002344200000,0x0000002344300000)]

Other Threads:
  0x000001e2df8c46b0 VMThread "VM Thread" [stack: 0x0000002342400000,0x0000002342500000] [id=1656]
  0x000001e2e034d1c0 WatcherThread [stack: 0x0000002343300000,0x0000002343400000] [id=13120]
  0x000001e2b1e8c190 GCTaskThread "GC Thread#0" [stack: 0x0000002341f00000,0x0000002342000000] [id=6084]
  0x000001e2e0d81830 GCTaskThread "GC Thread#1" [stack: 0x0000002343600000,0x0000002343700000] [id=17332]
  0x000001e2e0d7eb90 GCTaskThread "GC Thread#2" [stack: 0x0000002343700000,0x0000002343800000] [id=12732]
  0x000001e2e0d80b70 GCTaskThread "GC Thread#3" [stack: 0x0000002343800000,0x0000002343900000] [id=14968]
  0x000001e2e0d7e860 GCTaskThread "GC Thread#4" [stack: 0x0000002343900000,0x0000002343a00000] [id=14812]
  0x000001e2e0d7f1f0 GCTaskThread "GC Thread#5" [stack: 0x0000002343a00000,0x0000002343b00000] [id=13792]
  0x000001e2e0d821c0 GCTaskThread "GC Thread#6" [stack: 0x0000002343b00000,0x0000002343c00000] [id=13208]
  0x000001e2e0d80510 GCTaskThread "GC Thread#7" [stack: 0x0000002343c00000,0x0000002343d00000] [id=16764]
  0x000001e2e0d7f520 GCTaskThread "GC Thread#8" [stack: 0x0000002343d00000,0x0000002343e00000] [id=3604]
  0x000001e2e0d7f850 GCTaskThread "GC Thread#9" [stack: 0x0000002343e00000,0x0000002343f00000] [id=2344]
  0x000001e2e0d80840 GCTaskThread "GC Thread#10" [stack: 0x0000002343f00000,0x0000002344000000] [id=3844]
  0x000001e2e0d7feb0 GCTaskThread "GC Thread#11" [stack: 0x0000002344000000,0x0000002344100000] [id=7248]
  0x000001e2b1e9d300 ConcurrentGCThread "G1 Main Marker" [stack: 0x0000002342000000,0x0000002342100000] [id=13824]
  0x000001e2b1e9f5b0 ConcurrentGCThread "G1 Conc#0" [stack: 0x0000002342100000,0x0000002342200000] [id=9704]
  0x000001e2df7bb1f0 ConcurrentGCThread "G1 Refine#0" [stack: 0x0000002342200000,0x0000002342300000] [id=7880]
  0x000001e2e120ade0 ConcurrentGCThread "G1 Refine#1" [stack: 0x0000002344100000,0x0000002344200000] [id=6596]
  0x000001e2df7bbc00 ConcurrentGCThread "G1 Young RemSet Sampling" [stack: 0x0000002342300000,0x0000002342400000] [id=9764]

Threads with active compile tasks:
C2 CompilerThread2     2130 2016       4       org.springframework.boot.context.properties.source.ConfigurationPropertyName$ElementsParser::parse (234 bytes)

VM state: not at safepoint (normal execution)

VM Mutex/Monitor currently owned by a thread: None

Heap address: 0x0000000600c00000, size: 8180 MB, Compressed Oops mode: Zero based, Oop shift amount: 3
CDS archive(s) mapped at: [0x0000000800000000-0x0000000800b50000-0x0000000800b50000), size 11862016, SharedBaseAddress: 0x0000000800000000, ArchiveRelocationMode: 0.
Compressed class space mapped at: 0x0000000800b50000-0x0000000840b50000, size: 1073741824
Narrow klass base: 0x0000000800000000, Narrow klass shift: 3, Narrow klass range: 0x100000000

GC Precious Log:
 CPUs: 16 total, 16 available
 Memory: 32718M
 Large Page Support: Disabled
 NUMA Support: Disabled
 Compressed Oops: Enabled (Zero based)
 Heap Region Size: 4M
 Heap Min Capacity: 8M
 Heap Initial Capacity: 512M
 Heap Max Capacity: 8180M
 Pre-touch: Disabled
 Parallel Workers: 13
 Concurrent Workers: 3
 Concurrent Refinement Workers: 13
 Periodic GC: Disabled

Heap:
 garbage-first heap   total 524288K, used 17089K [0x0000000600c00000, 0x0000000800000000)
  region size 4096K, 4 young (16384K), 1 survivors (4096K)
 Metaspace       used 12628K, capacity 12942K, committed 13184K, reserved 1060864K
  class space    used 1535K, capacity 1617K, committed 1664K, reserved 1048576K

Heap Regions: E=young(eden), S=young(survivor), O=old, HS=humongous(starts), HC=humongous(continues), CS=collection set, F=free, OA=open archive, CA=closed archive, TAMS=top-at-mark-start (previous, next)
|   0|0x0000000600c00000, 0x0000000601000000, 0x0000000601000000|100%| O|  |TAMS 0x0000000600c00000, 0x0000000600c00000| Untracked 
|   1|0x0000000601000000, 0x000000060133c400, 0x0000000601400000| 80%| O|  |TAMS 0x0000000601000000, 0x0000000601000000| Untracked 
|   2|0x0000000601400000, 0x0000000601400000, 0x0000000601800000|  0%| F|  |TAMS 0x0000000601400000, 0x0000000601400000| Untracked 
|   3|0x0000000601800000, 0x0000000601800000, 0x0000000601c00000|  0%| F|  |TAMS 0x0000000601800000, 0x0000000601800000| Untracked 
|   4|0x0000000601c00000, 0x0000000601c00000, 0x0000000602000000|  0%| F|  |TAMS 0x0000000601c00000, 0x0000000601c00000| Untracked 
|   5|0x0000000602000000, 0x0000000602000000, 0x0000000602400000|  0%| F|  |TAMS 0x0000000602000000, 0x0000000602000000| Untracked 
|   6|0x0000000602400000, 0x0000000602400000, 0x0000000602800000|  0%| F|  |TAMS 0x0000000602400000, 0x0000000602400000| Untracked 
|   7|0x0000000602800000, 0x0000000602800000, 0x0000000602c00000|  0%| F|  |TAMS 0x0000000602800000, 0x0000000602800000| Untracked 
|   8|0x0000000602c00000, 0x0000000602c00000, 0x0000000603000000|  0%| F|  |TAMS 0x0000000602c00000, 0x0000000602c00000| Untracked 
|   9|0x0000000603000000, 0x0000000603000000, 0x0000000603400000|  0%| F|  |TAMS 0x0000000603000000, 0x0000000603000000| Untracked 
|  10|0x0000000603400000, 0x0000000603400000, 0x0000000603800000|  0%| F|  |TAMS 0x0000000603400000, 0x0000000603400000| Untracked 
|  11|0x0000000603800000, 0x0000000603800000, 0x0000000603c00000|  0%| F|  |TAMS 0x0000000603800000, 0x0000000603800000| Untracked 
|  12|0x0000000603c00000, 0x0000000603c00000, 0x0000000604000000|  0%| F|  |TAMS 0x0000000603c00000, 0x0000000603c00000| Untracked 
|  13|0x0000000604000000, 0x0000000604000000, 0x0000000604400000|  0%| F|  |TAMS 0x0000000604000000, 0x0000000604000000| Untracked 
|  14|0x0000000604400000, 0x0000000604400000, 0x0000000604800000|  0%| F|  |TAMS 0x0000000604400000, 0x0000000604400000| Untracked 
|  15|0x0000000604800000, 0x0000000604800000, 0x0000000604c00000|  0%| F|  |TAMS 0x0000000604800000, 0x0000000604800000| Untracked 
|  16|0x0000000604c00000, 0x0000000604c00000, 0x0000000605000000|  0%| F|  |TAMS 0x0000000604c00000, 0x0000000604c00000| Untracked 
|  17|0x0000000605000000, 0x0000000605000000, 0x0000000605400000|  0%| F|  |TAMS 0x0000000605000000, 0x0000000605000000| Untracked 
|  18|0x0000000605400000, 0x0000000605400000, 0x0000000605800000|  0%| F|  |TAMS 0x0000000605400000, 0x0000000605400000| Untracked 
|  19|0x0000000605800000, 0x0000000605800000, 0x0000000605c00000|  0%| F|  |TAMS 0x0000000605800000, 0x0000000605800000| Untracked 
|  20|0x0000000605c00000, 0x0000000605c00000, 0x0000000606000000|  0%| F|  |TAMS 0x0000000605c00000, 0x0000000605c00000| Untracked 
|  21|0x0000000606000000, 0x0000000606000000, 0x0000000606400000|  0%| F|  |TAMS 0x0000000606000000, 0x0000000606000000| Untracked 
|  22|0x0000000606400000, 0x0000000606400000, 0x0000000606800000|  0%| F|  |TAMS 0x0000000606400000, 0x0000000606400000| Untracked 
|  23|0x0000000606800000, 0x0000000606800000, 0x0000000606c00000|  0%| F|  |TAMS 0x0000000606800000, 0x0000000606800000| Untracked 
|  24|0x0000000606c00000, 0x0000000606c00000, 0x0000000607000000|  0%| F|  |TAMS 0x0000000606c00000, 0x0000000606c00000| Untracked 
|  25|0x0000000607000000, 0x0000000607000000, 0x0000000607400000|  0%| F|  |TAMS 0x0000000607000000, 0x0000000607000000| Untracked 
|  26|0x0000000607400000, 0x0000000607400000, 0x0000000607800000|  0%| F|  |TAMS 0x0000000607400000, 0x0000000607400000| Untracked 
|  27|0x0000000607800000, 0x0000000607800000, 0x0000000607c00000|  0%| F|  |TAMS 0x0000000607800000, 0x0000000607800000| Untracked 
|  28|0x0000000607c00000, 0x0000000607c00000, 0x0000000608000000|  0%| F|  |TAMS 0x0000000607c00000, 0x0000000607c00000| Untracked 
|  29|0x0000000608000000, 0x0000000608000000, 0x0000000608400000|  0%| F|  |TAMS 0x0000000608000000, 0x0000000608000000| Untracked 
|  30|0x0000000608400000, 0x0000000608400000, 0x0000000608800000|  0%| F|  |TAMS 0x0000000608400000, 0x0000000608400000| Untracked 
|  31|0x0000000608800000, 0x0000000608800000, 0x0000000608c00000|  0%| F|  |TAMS 0x0000000608800000, 0x0000000608800000| Untracked 
|  32|0x0000000608c00000, 0x0000000608c00000, 0x0000000609000000|  0%| F|  |TAMS 0x0000000608c00000, 0x0000000608c00000| Untracked 
|  33|0x0000000609000000, 0x0000000609000000, 0x0000000609400000|  0%| F|  |TAMS 0x0000000609000000, 0x0000000609000000| Untracked 
|  34|0x0000000609400000, 0x0000000609400000, 0x0000000609800000|  0%| F|  |TAMS 0x0000000609400000, 0x0000000609400000| Untracked 
|  35|0x0000000609800000, 0x0000000609800000, 0x0000000609c00000|  0%| F|  |TAMS 0x0000000609800000, 0x0000000609800000| Untracked 
|  36|0x0000000609c00000, 0x0000000609c00000, 0x000000060a000000|  0%| F|  |TAMS 0x0000000609c00000, 0x0000000609c00000| Untracked 
|  37|0x000000060a000000, 0x000000060a000000, 0x000000060a400000|  0%| F|  |TAMS 0x000000060a000000, 0x000000060a000000| Untracked 
|  38|0x000000060a400000, 0x000000060a400000, 0x000000060a800000|  0%| F|  |TAMS 0x000000060a400000, 0x000000060a400000| Untracked 
|  39|0x000000060a800000, 0x000000060a800000, 0x000000060ac00000|  0%| F|  |TAMS 0x000000060a800000, 0x000000060a800000| Untracked 
|  40|0x000000060ac00000, 0x000000060ac00000, 0x000000060b000000|  0%| F|  |TAMS 0x000000060ac00000, 0x000000060ac00000| Untracked 
|  41|0x000000060b000000, 0x000000060b000000, 0x000000060b400000|  0%| F|  |TAMS 0x000000060b000000, 0x000000060b000000| Untracked 
|  42|0x000000060b400000, 0x000000060b400000, 0x000000060b800000|  0%| F|  |TAMS 0x000000060b400000, 0x000000060b400000| Untracked 
|  43|0x000000060b800000, 0x000000060b800000, 0x000000060bc00000|  0%| F|  |TAMS 0x000000060b800000, 0x000000060b800000| Untracked 
|  44|0x000000060bc00000, 0x000000060bc00000, 0x000000060c000000|  0%| F|  |TAMS 0x000000060bc00000, 0x000000060bc00000| Untracked 
|  45|0x000000060c000000, 0x000000060c000000, 0x000000060c400000|  0%| F|  |TAMS 0x000000060c000000, 0x000000060c000000| Untracked 
|  46|0x000000060c400000, 0x000000060c400000, 0x000000060c800000|  0%| F|  |TAMS 0x000000060c400000, 0x000000060c400000| Untracked 
|  47|0x000000060c800000, 0x000000060c800000, 0x000000060cc00000|  0%| F|  |TAMS 0x000000060c800000, 0x000000060c800000| Untracked 
|  48|0x000000060cc00000, 0x000000060cc00000, 0x000000060d000000|  0%| F|  |TAMS 0x000000060cc00000, 0x000000060cc00000| Untracked 
|  49|0x000000060d000000, 0x000000060d000000, 0x000000060d400000|  0%| F|  |TAMS 0x000000060d000000, 0x000000060d000000| Untracked 
|  50|0x000000060d400000, 0x000000060d400000, 0x000000060d800000|  0%| F|  |TAMS 0x000000060d400000, 0x000000060d400000| Untracked 
|  51|0x000000060d800000, 0x000000060d800000, 0x000000060dc00000|  0%| F|  |TAMS 0x000000060d800000, 0x000000060d800000| Untracked 
|  52|0x000000060dc00000, 0x000000060dc00000, 0x000000060e000000|  0%| F|  |TAMS 0x000000060dc00000, 0x000000060dc00000| Untracked 
|  53|0x000000060e000000, 0x000000060e000000, 0x000000060e400000|  0%| F|  |TAMS 0x000000060e000000, 0x000000060e000000| Untracked 
|  54|0x000000060e400000, 0x000000060e400000, 0x000000060e800000|  0%| F|  |TAMS 0x000000060e400000, 0x000000060e400000| Untracked 
|  55|0x000000060e800000, 0x000000060e800000, 0x000000060ec00000|  0%| F|  |TAMS 0x000000060e800000, 0x000000060e800000| Untracked 
|  56|0x000000060ec00000, 0x000000060ec00000, 0x000000060f000000|  0%| F|  |TAMS 0x000000060ec00000, 0x000000060ec00000| Untracked 
|  57|0x000000060f000000, 0x000000060f000000, 0x000000060f400000|  0%| F|  |TAMS 0x000000060f000000, 0x000000060f000000| Untracked 
|  58|0x000000060f400000, 0x000000060f400000, 0x000000060f800000|  0%| F|  |TAMS 0x000000060f400000, 0x000000060f400000| Untracked 
|  59|0x000000060f800000, 0x000000060f800000, 0x000000060fc00000|  0%| F|  |TAMS 0x000000060f800000, 0x000000060f800000| Untracked 
|  60|0x000000060fc00000, 0x000000060fc00000, 0x0000000610000000|  0%| F|  |TAMS 0x000000060fc00000, 0x000000060fc00000| Untracked 
|  61|0x0000000610000000, 0x0000000610000000, 0x0000000610400000|  0%| F|  |TAMS 0x0000000610000000, 0x0000000610000000| Untracked 
|  62|0x0000000610400000, 0x0000000610400000, 0x0000000610800000|  0%| F|  |TAMS 0x0000000610400000, 0x0000000610400000| Untracked 
|  63|0x0000000610800000, 0x0000000610800000, 0x0000000610c00000|  0%| F|  |TAMS 0x0000000610800000, 0x0000000610800000| Untracked 
|  64|0x0000000610c00000, 0x0000000610c00000, 0x0000000611000000|  0%| F|  |TAMS 0x0000000610c00000, 0x0000000610c00000| Untracked 
|  65|0x0000000611000000, 0x0000000611000000, 0x0000000611400000|  0%| F|  |TAMS 0x0000000611000000, 0x0000000611000000| Untracked 
|  66|0x0000000611400000, 0x0000000611400000, 0x0000000611800000|  0%| F|  |TAMS 0x0000000611400000, 0x0000000611400000| Untracked 
|  67|0x0000000611800000, 0x0000000611800000, 0x0000000611c00000|  0%| F|  |TAMS 0x0000000611800000, 0x0000000611800000| Untracked 
|  68|0x0000000611c00000, 0x0000000611c00000, 0x0000000612000000|  0%| F|  |TAMS 0x0000000611c00000, 0x0000000611c00000| Untracked 
|  69|0x0000000612000000, 0x0000000612000000, 0x0000000612400000|  0%| F|  |TAMS 0x0000000612000000, 0x0000000612000000| Untracked 
|  70|0x0000000612400000, 0x0000000612400000, 0x0000000612800000|  0%| F|  |TAMS 0x0000000612400000, 0x0000000612400000| Untracked 
|  71|0x0000000612800000, 0x0000000612800000, 0x0000000612c00000|  0%| F|  |TAMS 0x0000000612800000, 0x0000000612800000| Untracked 
|  72|0x0000000612c00000, 0x0000000612c00000, 0x0000000613000000|  0%| F|  |TAMS 0x0000000612c00000, 0x0000000612c00000| Untracked 
|  73|0x0000000613000000, 0x0000000613000000, 0x0000000613400000|  0%| F|  |TAMS 0x0000000613000000, 0x0000000613000000| Untracked 
|  74|0x0000000613400000, 0x0000000613400000, 0x0000000613800000|  0%| F|  |TAMS 0x0000000613400000, 0x0000000613400000| Untracked 
|  75|0x0000000613800000, 0x0000000613800000, 0x0000000613c00000|  0%| F|  |TAMS 0x0000000613800000, 0x0000000613800000| Untracked 
|  76|0x0000000613c00000, 0x0000000613c00000, 0x0000000614000000|  0%| F|  |TAMS 0x0000000613c00000, 0x0000000613c00000| Untracked 
|  77|0x0000000614000000, 0x0000000614000000, 0x0000000614400000|  0%| F|  |TAMS 0x0000000614000000, 0x0000000614000000| Untracked 
|  78|0x0000000614400000, 0x0000000614400000, 0x0000000614800000|  0%| F|  |TAMS 0x0000000614400000, 0x0000000614400000| Untracked 
|  79|0x0000000614800000, 0x0000000614800000, 0x0000000614c00000|  0%| F|  |TAMS 0x0000000614800000, 0x0000000614800000| Untracked 
|  80|0x0000000614c00000, 0x0000000614c00000, 0x0000000615000000|  0%| F|  |TAMS 0x0000000614c00000, 0x0000000614c00000| Untracked 
|  81|0x0000000615000000, 0x0000000615000000, 0x0000000615400000|  0%| F|  |TAMS 0x0000000615000000, 0x0000000615000000| Untracked 
|  82|0x0000000615400000, 0x0000000615400000, 0x0000000615800000|  0%| F|  |TAMS 0x0000000615400000, 0x0000000615400000| Untracked 
|  83|0x0000000615800000, 0x0000000615800000, 0x0000000615c00000|  0%| F|  |TAMS 0x0000000615800000, 0x0000000615800000| Untracked 
|  84|0x0000000615c00000, 0x0000000615c00000, 0x0000000616000000|  0%| F|  |TAMS 0x0000000615c00000, 0x0000000615c00000| Untracked 
|  85|0x0000000616000000, 0x0000000616000000, 0x0000000616400000|  0%| F|  |TAMS 0x0000000616000000, 0x0000000616000000| Untracked 
|  86|0x0000000616400000, 0x0000000616400000, 0x0000000616800000|  0%| F|  |TAMS 0x0000000616400000, 0x0000000616400000| Untracked 
|  87|0x0000000616800000, 0x0000000616800000, 0x0000000616c00000|  0%| F|  |TAMS 0x0000000616800000, 0x0000000616800000| Untracked 
|  88|0x0000000616c00000, 0x0000000616c00000, 0x0000000617000000|  0%| F|  |TAMS 0x0000000616c00000, 0x0000000616c00000| Untracked 
|  89|0x0000000617000000, 0x0000000617000000, 0x0000000617400000|  0%| F|  |TAMS 0x0000000617000000, 0x0000000617000000| Untracked 
|  90|0x0000000617400000, 0x0000000617400000, 0x0000000617800000|  0%| F|  |TAMS 0x0000000617400000, 0x0000000617400000| Untracked 
|  91|0x0000000617800000, 0x0000000617800000, 0x0000000617c00000|  0%| F|  |TAMS 0x0000000617800000, 0x0000000617800000| Untracked 
|  92|0x0000000617c00000, 0x0000000617c00000, 0x0000000618000000|  0%| F|  |TAMS 0x0000000617c00000, 0x0000000617c00000| Untracked 
|  93|0x0000000618000000, 0x0000000618000000, 0x0000000618400000|  0%| F|  |TAMS 0x0000000618000000, 0x0000000618000000| Untracked 
|  94|0x0000000618400000, 0x0000000618400000, 0x0000000618800000|  0%| F|  |TAMS 0x0000000618400000, 0x0000000618400000| Untracked 
|  95|0x0000000618800000, 0x0000000618800000, 0x0000000618c00000|  0%| F|  |TAMS 0x0000000618800000, 0x0000000618800000| Untracked 
|  96|0x0000000618c00000, 0x0000000618c00000, 0x0000000619000000|  0%| F|  |TAMS 0x0000000618c00000, 0x0000000618c00000| Untracked 
|  97|0x0000000619000000, 0x0000000619000000, 0x0000000619400000|  0%| F|  |TAMS 0x0000000619000000, 0x0000000619000000| Untracked 
|  98|0x0000000619400000, 0x0000000619400000, 0x0000000619800000|  0%| F|  |TAMS 0x0000000619400000, 0x0000000619400000| Untracked 
|  99|0x0000000619800000, 0x0000000619800000, 0x0000000619c00000|  0%| F|  |TAMS 0x0000000619800000, 0x0000000619800000| Untracked 
| 100|0x0000000619c00000, 0x0000000619c00000, 0x000000061a000000|  0%| F|  |TAMS 0x0000000619c00000, 0x0000000619c00000| Untracked 
| 101|0x000000061a000000, 0x000000061a000000, 0x000000061a400000|  0%| F|  |TAMS 0x000000061a000000, 0x000000061a000000| Untracked 
| 102|0x000000061a400000, 0x000000061a400000, 0x000000061a800000|  0%| F|  |TAMS 0x000000061a400000, 0x000000061a400000| Untracked 
| 103|0x000000061a800000, 0x000000061a800000, 0x000000061ac00000|  0%| F|  |TAMS 0x000000061a800000, 0x000000061a800000| Untracked 
| 104|0x000000061ac00000, 0x000000061ac00000, 0x000000061b000000|  0%| F|  |TAMS 0x000000061ac00000, 0x000000061ac00000| Untracked 
| 105|0x000000061b000000, 0x000000061b000000, 0x000000061b400000|  0%| F|  |TAMS 0x000000061b000000, 0x000000061b000000| Untracked 
| 106|0x000000061b400000, 0x000000061b400000, 0x000000061b800000|  0%| F|  |TAMS 0x000000061b400000, 0x000000061b400000| Untracked 
| 107|0x000000061b800000, 0x000000061b800000, 0x000000061bc00000|  0%| F|  |TAMS 0x000000061b800000, 0x000000061b800000| Untracked 
| 108|0x000000061bc00000, 0x000000061bc00000, 0x000000061c000000|  0%| F|  |TAMS 0x000000061bc00000, 0x000000061bc00000| Untracked 
| 109|0x000000061c000000, 0x000000061c000000, 0x000000061c400000|  0%| F|  |TAMS 0x000000061c000000, 0x000000061c000000| Untracked 
| 110|0x000000061c400000, 0x000000061c400000, 0x000000061c800000|  0%| F|  |TAMS 0x000000061c400000, 0x000000061c400000| Untracked 
| 111|0x000000061c800000, 0x000000061c800000, 0x000000061cc00000|  0%| F|  |TAMS 0x000000061c800000, 0x000000061c800000| Untracked 
| 112|0x000000061cc00000, 0x000000061cc00000, 0x000000061d000000|  0%| F|  |TAMS 0x000000061cc00000, 0x000000061cc00000| Untracked 
| 113|0x000000061d000000, 0x000000061d000000, 0x000000061d400000|  0%| F|  |TAMS 0x000000061d000000, 0x000000061d000000| Untracked 
| 114|0x000000061d400000, 0x000000061d400000, 0x000000061d800000|  0%| F|  |TAMS 0x000000061d400000, 0x000000061d400000| Untracked 
| 115|0x000000061d800000, 0x000000061d800000, 0x000000061dc00000|  0%| F|  |TAMS 0x000000061d800000, 0x000000061d800000| Untracked 
| 116|0x000000061dc00000, 0x000000061dc00000, 0x000000061e000000|  0%| F|  |TAMS 0x000000061dc00000, 0x000000061dc00000| Untracked 
| 117|0x000000061e000000, 0x000000061e000000, 0x000000061e400000|  0%| F|  |TAMS 0x000000061e000000, 0x000000061e000000| Untracked 
| 118|0x000000061e400000, 0x000000061e400000, 0x000000061e800000|  0%| F|  |TAMS 0x000000061e400000, 0x000000061e400000| Untracked 
| 119|0x000000061e800000, 0x000000061e800000, 0x000000061ec00000|  0%| F|  |TAMS 0x000000061e800000, 0x000000061e800000| Untracked 
| 120|0x000000061ec00000, 0x000000061ec00000, 0x000000061f000000|  0%| F|  |TAMS 0x000000061ec00000, 0x000000061ec00000| Untracked 
| 121|0x000000061f000000, 0x000000061f000000, 0x000000061f400000|  0%| F|  |TAMS 0x000000061f000000, 0x000000061f000000| Untracked 
| 122|0x000000061f400000, 0x000000061f574100, 0x000000061f800000| 36%| S|CS|TAMS 0x000000061f400000, 0x000000061f400000| Complete 
| 123|0x000000061f800000, 0x000000061f800000, 0x000000061fc00000|  0%| F|  |TAMS 0x000000061f800000, 0x000000061f800000| Untracked 
| 124|0x000000061fc00000, 0x000000061fc00000, 0x0000000620000000|  0%| F|  |TAMS 0x000000061fc00000, 0x000000061fc00000| Untracked 
| 125|0x0000000620000000, 0x000000062028fb88, 0x0000000620400000| 64%| E|  |TAMS 0x0000000620000000, 0x0000000620000000| Complete 
| 126|0x0000000620400000, 0x0000000620800000, 0x0000000620800000|100%| E|CS|TAMS 0x0000000620400000, 0x0000000620400000| Complete 
| 127|0x0000000620800000, 0x0000000620c00000, 0x0000000620c00000|100%| E|CS|TAMS 0x0000000620800000, 0x0000000620800000| Complete 

Card table byte_map: [0x000001e2ca8c0000,0x000001e2cb8c0000] _byte_map_base: 0x000001e2c78ba000

Marking Bits (Prev, Next): (CMBitMap*) 0x000001e2b1e8c910, (CMBitMap*) 0x000001e2b1e8c950
 Prev Bits: [0x000001e2cc8c0000, 0x000001e2d4890000)
 Next Bits: [0x000001e2d4890000, 0x000001e2dc860000)

Polling page: 0x000001e2afdd0000

Metaspace:

Usage:
  Non-class:     11.06 MB capacity,    10.87 MB ( 98%) used,   182.12 KB (  2%) free+waste,    15.38 KB ( <1%) overhead. 
      Class:      1.58 MB capacity,     1.50 MB ( 95%) used,    69.69 KB (  4%) free+waste,     6.69 KB ( <1%) overhead. 
       Both:     12.64 MB capacity,    12.37 MB ( 98%) used,   251.80 KB (  2%) free+waste,    22.06 KB ( <1%) overhead. 

Virtual space:
  Non-class space:       12.00 MB reserved,      11.25 MB ( 94%) committed 
      Class space:        1.00 GB reserved,       1.62 MB ( <1%) committed 
             Both:        1.01 GB reserved,      12.88 MB (  1%) committed 

Chunk freelists:
   Non-Class:  3.00 KB
       Class:  15.00 KB
        Both:  18.00 KB

MaxMetaspaceSize: 17179869184.00 GB
CompressedClassSpaceSize: 1.00 GB

CodeHeap 'non-profiled nmethods': size=119168Kb used=853Kb max_used=853Kb free=118314Kb
 bounds [0x000001e2c1bd0000, 0x000001e2c1e40000, 0x000001e2c9030000]
CodeHeap 'profiled nmethods': size=119104Kb used=4122Kb max_used=4122Kb free=114981Kb
 bounds [0x000001e2ba780000, 0x000001e2bab90000, 0x000001e2c1bd0000]
CodeHeap 'non-nmethods': size=7488Kb used=2891Kb max_used=2954Kb free=4596Kb
 bounds [0x000001e2ba030000, 0x000001e2ba320000, 0x000001e2ba780000]
 total_blobs=2561 nmethods=2098 adapters=372
 compilation: enabled
              stopped_count=0, restarted_count=0
 full_count=0

Compilation events (20 events):
Event: 2.028 Thread 0x000001e2e0281810 nmethod 2001 0x000001e2bab42710 code [0x000001e2bab43060, 0x000001e2bab48ce8]
Event: 2.029 Thread 0x000001e2df8f1c70 nmethod 2009 0x000001e2bab4a910 code [0x000001e2bab4ae20, 0x000001e2bab4d508]
Event: 2.031 Thread 0x000001e2e104d1c0 nmethod 2005 0x000001e2bab4e510 code [0x000001e2bab4f040, 0x000001e2bab570b8]
Event: 2.031 Thread 0x000001e2e0b580b0 nmethod 1979 0x000001e2c1c97e10 code [0x000001e2c1c97fe0, 0x000001e2c1c99608]
Event: 2.031 Thread 0x000001e2e0b580b0 2016       4       org.springframework.boot.context.properties.source.ConfigurationPropertyName$ElementsParser::parse (234 bytes)
Event: 2.032 Thread 0x000001e2e104d1c0 2020   !   3       jdk.internal.loader.BuiltinClassLoader$2::run (114 bytes)
Event: 2.033 Thread 0x000001e2e104d1c0 nmethod 2020 0x000001e2bab59a90 code [0x000001e2bab59d20, 0x000001e2bab5abb8]
Event: 2.034 Thread 0x000001e2e02d6730 nmethod 1998 0x000001e2c1c99e10 code [0x000001e2c1c99fc0, 0x000001e2c1c9a548]
Event: 2.034 Thread 0x000001e2e02d6730 2011       4       java.util.LinkedHashMap::get (29 bytes)
Event: 2.035 Thread 0x000001e2e0281810 2021       3       org.springframework.core.env.PropertySource::hashCode (8 bytes)
Event: 2.035 Thread 0x000001e2e0281810 nmethod 2021 0x000001e2bab5b090 code [0x000001e2bab5b240, 0x000001e2bab5b408]
Event: 2.039 Thread 0x000001e2e02d6730 nmethod 2011 0x000001e2c1c9a890 code [0x000001e2c1c9aa60, 0x000001e2c1c9aff8]
Event: 2.039 Thread 0x000001e2e02d6730 2019       4       jdk.internal.loader.URLClassPath$JarLoader$2::getCodeSourceURL (8 bytes)
Event: 2.040 Thread 0x000001e2e02d6730 nmethod 2019 0x000001e2c1c9b390 code [0x000001e2c1c9b500, 0x000001e2c1c9b578]
Event: 2.041 Thread 0x000001e2e027f2f0 2022   !   3       java.net.URL::<init> (543 bytes)
Event: 2.045 Thread 0x000001e2e027f2f0 nmethod 2022 0x000001e2bab5b490 code [0x000001e2bab5bb00, 0x000001e2bab5f4e8]
Event: 2.061 Thread 0x000001e2e104d1c0 2023       3       sun.net.www.ParseUtil::firstEncodeIndex (86 bytes)
Event: 2.062 Thread 0x000001e2e104d1c0 nmethod 2023 0x000001e2bab61410 code [0x000001e2bab61640, 0x000001e2bab62008]
Event: 2.063 Thread 0x000001e2df8f1c70 2024       3       jdk.internal.loader.URLClassPath::getResource (74 bytes)
Event: 2.064 Thread 0x000001e2df8f1c70 nmethod 2024 0x000001e2bab62390 code [0x000001e2bab62560, 0x000001e2bab62898]

GC Heap History (4 events):
Event: 1.095 GC heap before
{Heap before GC invocations=0 (full 0):
 garbage-first heap   total 524288K, used 24576K [0x0000000600c00000, 0x0000000800000000)
  region size 4096K, 6 young (24576K), 0 survivors (0K)
 Metaspace       used 5579K, capacity 7095K, committed 7168K, reserved 1056768K
  class space    used 608K, capacity 740K, committed 768K, reserved 1048576K
}
Event: 1.101 GC heap after
{Heap after GC invocations=1 (full 0):
 garbage-first heap   total 524288K, used 7334K [0x0000000600c00000, 0x0000000800000000)
  region size 4096K, 1 young (4096K), 1 survivors (4096K)
 Metaspace       used 5579K, capacity 7095K, committed 7168K, reserved 1056768K
  class space    used 608K, capacity 740K, committed 768K, reserved 1048576K
}
Event: 1.882 GC heap before
{Heap before GC invocations=1 (full 0):
 garbage-first heap   total 524288K, used 27814K [0x0000000600c00000, 0x0000000800000000)
  region size 4096K, 6 young (24576K), 1 survivors (4096K)
 Metaspace       used 10139K, capacity 10638K, committed 10752K, reserved 1058816K
  class space    used 1212K, capacity 1277K, committed 1280K, reserved 1048576K
}
Event: 1.885 GC heap after
{Heap after GC invocations=2 (full 0):
 garbage-first heap   total 524288K, used 8897K [0x0000000600c00000, 0x0000000800000000)
  region size 4096K, 1 young (4096K), 1 survivors (4096K)
 Metaspace       used 10139K, capacity 10638K, committed 10752K, reserved 1058816K
  class space    used 1212K, capacity 1277K, committed 1280K, reserved 1048576K
}

Deoptimization events (20 events):
Event: 1.896 Thread 0x000001e2b1e13120 Uncommon trap: trap_request=0xffffffc6 fr.pc=0x000001e2c1c371d0 relative=0x0000000000000b90
Event: 1.896 Thread 0x000001e2b1e13120 Uncommon trap: reason=bimorphic_or_optimized_type_check action=maybe_recompile pc=0x000001e2c1c371d0 method=java.util.HashMap.putVal(ILjava/lang/Object;Ljava/lang/Object;ZZ)Ljava/lang/Object; @ 91 c2
Event: 1.896 Thread 0x000001e2b1e13120 DEOPT PACKING pc=0x000001e2c1c371d0 sp=0x0000002341efd7c0
Event: 1.896 Thread 0x000001e2b1e13120 DEOPT UNPACKING pc=0x000001e2ba07e42f sp=0x0000002341efd6e0 mode 2
Event: 1.934 Thread 0x000001e2b1e13120 Uncommon trap: trap_request=0xffffff45 fr.pc=0x000001e2c1c50730 relative=0x0000000000002950
Event: 1.934 Thread 0x000001e2b1e13120 Uncommon trap: reason=unstable_if action=reinterpret pc=0x000001e2c1c50730 method=jdk.internal.org.objectweb.asm.Frame.execute(IILjdk/internal/org/objectweb/asm/Symbol;Ljdk/internal/org/objectweb/asm/SymbolTable;)V @ 1 c2
Event: 1.934 Thread 0x000001e2b1e13120 DEOPT PACKING pc=0x000001e2c1c50730 sp=0x0000002341efbfe0
Event: 1.934 Thread 0x000001e2b1e13120 DEOPT UNPACKING pc=0x000001e2ba07e42f sp=0x0000002341efbf88 mode 2
Event: 2.030 Thread 0x000001e2b1e13120 Uncommon trap: trap_request=0xffffff45 fr.pc=0x000001e2c1c719c0 relative=0x0000000000001600
Event: 2.030 Thread 0x000001e2b1e13120 Uncommon trap: reason=unstable_if action=reinterpret pc=0x000001e2c1c719c0 method=java.net.URL.<init>(Ljava/net/URL;Ljava/lang/String;Ljava/net/URLStreamHandler;)V @ 347 c2
Event: 2.030 Thread 0x000001e2b1e13120 DEOPT PACKING pc=0x000001e2c1c719c0 sp=0x0000002341efdf50
Event: 2.030 Thread 0x000001e2b1e13120 DEOPT UNPACKING pc=0x000001e2ba07e42f sp=0x0000002341efded0 mode 2
Event: 2.058 Thread 0x000001e2e2041460 Uncommon trap: trap_request=0xffffff45 fr.pc=0x000001e2c1c75370 relative=0x0000000000001150
Event: 2.058 Thread 0x000001e2e2041460 Uncommon trap: reason=unstable_if action=reinterpret pc=0x000001e2c1c75370 method=sun.net.www.ParseUtil.firstEncodeIndex(Ljava/lang/String;)I @ 51 c2
Event: 2.058 Thread 0x000001e2e2041460 DEOPT PACKING pc=0x000001e2c1c75370 sp=0x00000023442fc850
Event: 2.058 Thread 0x000001e2e2041460 DEOPT UNPACKING pc=0x000001e2ba07e42f sp=0x00000023442fc710 mode 2
Event: 2.058 Thread 0x000001e2e2041460 Uncommon trap: trap_request=0xffffff45 fr.pc=0x000001e2c1c1cd9c relative=0x000000000000005c
Event: 2.058 Thread 0x000001e2e2041460 Uncommon trap: reason=unstable_if action=reinterpret pc=0x000001e2c1c1cd9c method=sun.net.www.ParseUtil.firstEncodeIndex(Ljava/lang/String;)I @ 51 c2
Event: 2.058 Thread 0x000001e2e2041460 DEOPT PACKING pc=0x000001e2c1c1cd9c sp=0x00000023442fc730
Event: 2.058 Thread 0x000001e2e2041460 DEOPT UNPACKING pc=0x000001e2ba07e42f sp=0x00000023442fc6b8 mode 2

Classes unloaded (0 events):
No events

Classes redefined (0 events):
No events

Internal exceptions (20 events):
Event: 0.830 Thread 0x000001e2b1e13120 Exception <a 'java/lang/NoSuchMethodError'{0x000000061f988340}: 'org.slf4j.impl.StaticMDCBinder org.slf4j.impl.StaticMDCBinder.getSingleton()'> (0x000000061f988340) 
thrown [./open/src/hotspot/share/interpreter/linkResolver.cpp, line 782]
Event: 0.887 Thread 0x000001e2b1e13120 Exception <a 'java/lang/NoSuchMethodError'{0x000000061fac8178}: 'int java.lang.invoke.DirectMethodHandle$Holder.invokeStaticInit(java.lang.Object, java.lang.Object, java.lang.Object)'> (0x000000061fac8178) 
thrown [./open/src/hotspot/share/interpreter/linkResolver.cpp, line 782]
Event: 0.900 Thread 0x000001e2b1e13120 Exception <a 'java/lang/NoSuchMethodError'{0x000000061fb23598}: 'java.lang.Object java.lang.invoke.DirectMethodHandle$Holder.invokeVirtual(java.lang.Object, java.lang.Object, java.lang.Object)'> (0x000000061fb23598) 
thrown [./open/src/hotspot/share/interpreter/linkResolver.cpp, line 782]
Event: 0.925 Thread 0x000001e2b1e13120 Exception <a 'java/lang/NoSuchMethodError'{0x000000061fbd3b68}: 'int java.lang.invoke.DirectMethodHandle$Holder.invokeInterface(java.lang.Object, java.lang.Object)'> (0x000000061fbd3b68) 
thrown [./open/src/hotspot/share/interpreter/linkResolver.cpp, line 782]
Event: 0.937 Thread 0x000001e2b1e13120 Exception <a 'java/lang/NoSuchMethodError'{0x000000061f422c48}: 'void java.lang.invoke.DirectMethodHandle$Holder.invokeStatic(java.lang.Object, java.lang.Object, java.lang.Object)'> (0x000000061f422c48) 
thrown [./open/src/hotspot/share/interpreter/linkResolver.cpp, line 782]
Event: 0.999 Thread 0x000001e2b1e13120 Exception <a 'java/lang/NoSuchMethodError'{0x000000061f598560}: 'java.lang.Object java.lang.invoke.DirectMethodHandle$Holder.invokeSpecialIFC(java.lang.Object, java.lang.Object, java.lang.Object, java.lang.Object)'> (0x000000061f598560) 
thrown [./open/src/hotspot/share/interpreter/linkResolver.cpp, line 782]
Event: 1.027 Thread 0x000001e2b1e13120 Exception <a 'java/lang/NoSuchMethodError'{0x000000061f63eae8}: 'void java.lang.invoke.DirectMethodHandle$Holder.invokeSpecial(java.lang.Object, java.lang.Object, java.lang.Object, java.lang.Object, java.lang.Object)'> (0x000000061f63eae8) 
thrown [./open/src/hotspot/share/interpreter/linkResolver.cpp, line 782]
Event: 1.058 Thread 0x000001e2b1e13120 Exception <a 'java/lang/NoSuchMethodError'{0x000000061f6c0760}: 'int java.lang.invoke.DirectMethodHandle$Holder.invokeSpecial(java.lang.Object, java.lang.Object, java.lang.Object)'> (0x000000061f6c0760) 
thrown [./open/src/hotspot/share/interpreter/linkResolver.cpp, line 782]
Event: 1.073 Thread 0x000001e2b1e13120 Exception <a 'java/lang/NoSuchMethodError'{0x000000061f70a638}: 'java.lang.Object java.lang.invoke.Invokers$Holder.invokeExact_MT(java.lang.Object, java.lang.Object, java.lang.Object, java.lang.Object, java.lang.Object, java.lang.Object)'> (0x000000061f70a638) 
thrown [./open/src/hotspot/share/interpreter/linkResolver.cpp, line 782]
Event: 1.074 Thread 0x000001e2b1e13120 Exception <a 'java/lang/NoSuchMethodError'{0x000000061f713380}: 'void java.lang.invoke.DirectMethodHandle$Holder.invokeStatic(java.lang.Object, java.lang.Object, java.lang.Object, java.lang.Object)'> (0x000000061f713380) 
thrown [./open/src/hotspot/share/interpreter/linkResolver.cpp, line 782]
Event: 1.075 Thread 0x000001e2b1e13120 Exception <a 'java/lang/NoSuchMethodError'{0x000000061f71b5c8}: 'void java.lang.invoke.DirectMethodHandle$Holder.invokeInterface(java.lang.Object, java.lang.Object, java.lang.Object)'> (0x000000061f71b5c8) 
thrown [./open/src/hotspot/share/interpreter/linkResolver.cpp, line 782]
Event: 1.302 Thread 0x000001e2b1e13120 Exception <a 'java/lang/NoSuchMethodError'{0x000000062058cf28}: 'void java.lang.invoke.DirectMethodHandle$Holder.invokeVirtual(java.lang.Object, java.lang.Object, java.lang.Object, java.lang.Object)'> (0x000000062058cf28) 
thrown [./open/src/hotspot/share/interpreter/linkResolver.cpp, line 782]
Event: 1.489 Thread 0x000001e2b1e13120 Exception <a 'java/lang/NoSuchMethodError'{0x0000000620199250}: 'java.lang.Object java.lang.invoke.DirectMethodHandle$Holder.newInvokeSpecial(java.lang.Object, java.lang.Object, java.lang.Object, java.lang.Object, java.lang.Object, java.lang.Object)'> (0x0000000620199250) 
thrown [./open/src/hotspot/share/interpreter/linkResolver.cpp, line 782]
Event: 1.720 Thread 0x000001e2b1e13120 Exception <a 'java/lang/NoSuchMethodError'{0x000000061ff82468}: 'java.lang.Object java.lang.invoke.DirectMethodHandle$Holder.invokeInterface(java.lang.Object, java.lang.Object, java.lang.Object)'> (0x000000061ff82468) 
thrown [./open/src/hotspot/share/interpreter/linkResolver.cpp, line 782]
Event: 1.720 Thread 0x000001e2b1e13120 Exception <a 'java/lang/IncompatibleClassChangeError'{0x000000061ff85d00}: Found class java.lang.Object, but interface was expected> (0x000000061ff85d00) 
thrown [./open/src/hotspot/share/interpreter/linkResolver.cpp, line 848]
Event: 1.740 Thread 0x000001e2b1e13120 Exception <a 'java/lang/NoSuchMethodError'{0x000000061f804350}: 'int java.lang.invoke.DirectMethodHandle$Holder.invokeSpecial(java.lang.Object, java.lang.Object, java.lang.Object, java.lang.Object)'> (0x000000061f804350) 
thrown [./open/src/hotspot/share/interpreter/linkResolver.cpp, line 782]
Event: 1.781 Thread 0x000001e2b1e13120 Exception <a 'java/lang/NoSuchMethodError'{0x000000061f935b40}: 'java.lang.Object java.lang.invoke.DirectMethodHandle$Holder.newInvokeSpecial(java.lang.Object, java.lang.Object, java.lang.Object, java.lang.Object, java.lang.Object, java.lang.Object, int)'> (0x000000061f935b40) 
thrown [./open/src/hotspot/share/interpreter/linkResolver.cpp, line 782]
Event: 1.834 Thread 0x000001e2b1e13120 Exception <a 'java/lang/NoSuchMethodError'{0x000000061fa95fd8}: 'int java.lang.invoke.DirectMethodHandle$Holder.invokeVirtual(java.lang.Object, java.lang.Object)'> (0x000000061fa95fd8) 
thrown [./open/src/hotspot/share/interpreter/linkResolver.cpp, line 782]
Event: 1.900 Thread 0x000001e2b1e13120 Exception <a 'java/lang/NoSuchMethodError'{0x000000062084f950}: 'void java.lang.invoke.DirectMethodHandle$Holder.invokeStaticInit(java.lang.Object, java.lang.Object)'> (0x000000062084f950) 
thrown [./open/src/hotspot/share/interpreter/linkResolver.cpp, line 782]
Event: 1.914 Thread 0x000001e2b1e13120 Exception <a 'java/lang/NoSuchMethodError'{0x0000000620879ce0}: 'java.lang.Object java.lang.invoke.DirectMethodHandle$Holder.invokeStaticInit(java.lang.Object, java.lang.Object, java.lang.Object)'> (0x0000000620879ce0) 
thrown [./open/src/hotspot/share/interpreter/linkResolver.cpp, line 782]

Events (20 events):
Event: 1.940 loading class java/lang/invoke/BoundMethodHandle$Species_LLLLLL
Event: 1.940 loading class java/lang/invoke/BoundMethodHandle$Species_LLLLLL done
Event: 1.941 loading class java/lang/invoke/BoundMethodHandle$Species_LLLLLLL
Event: 1.941 loading class java/lang/invoke/BoundMethodHandle$Species_LLLLLLL done
Event: 1.944 Loaded shared library C:\Program Files\Java\jdk-15\bin\java.dll
Event: 1.972 loading class java/util/Stack
Event: 1.972 loading class java/util/Stack done
Event: 1.973 loading class java/util/Vector$Itr
Event: 1.973 loading class java/util/Vector$Itr done
Event: 2.022 Thread 0x000001e2e2041460 Thread added: 0x000001e2e2041460
Event: 2.028 loading class java/io/UnsupportedEncodingException
Event: 2.028 loading class java/io/UnsupportedEncodingException done
Event: 2.034 loading class java/util/ServiceConfigurationError
Event: 2.034 loading class java/util/ServiceConfigurationError done
Event: 2.037 loading class java/io/Console
Event: 2.037 loading class java/io/Console done
Event: 2.037 loading class java/io/Console$2
Event: 2.037 loading class jdk/internal/access/JavaIOAccess
Event: 2.038 loading class jdk/internal/access/JavaIOAccess done
Event: 2.038 loading class java/io/Console$2 done


Dynamic libraries:
0x00007ff62a9c0000 - 0x00007ff62a9cd000 	C:\Program Files\Java\jdk-15\bin\java.exe
0x00007ff9923d0000 - 0x00007ff9925c6000 	C:\Windows\SYSTEM32\ntdll.dll
0x00007ff991b80000 - 0x00007ff991c3d000 	C:\Windows\System32\KERNEL32.DLL
0x00007ff990070000 - 0x00007ff990339000 	C:\Windows\System32\KERNELBASE.dll
0x00007ff98fb10000 - 0x00007ff98fc10000 	C:\Windows\System32\ucrtbase.dll
0x00007ff988e10000 - 0x00007ff988e28000 	C:\Program Files\Java\jdk-15\bin\jli.dll
0x00007ff9883c0000 - 0x00007ff9883d9000 	C:\Program Files\Java\jdk-15\bin\VCRUNTIME140.dll
0x00007ff9916a0000 - 0x00007ff991840000 	C:\Windows\System32\USER32.dll
0x00007ff98fdd0000 - 0x00007ff98fdf2000 	C:\Windows\System32\win32u.dll
0x00007ff991ca0000 - 0x00007ff991cca000 	C:\Windows\System32\GDI32.dll
0x00007ff98ff60000 - 0x00007ff99006b000 	C:\Windows\System32\gdi32full.dll
0x00007ff990340000 - 0x00007ff9903dd000 	C:\Windows\System32\msvcp_win.dll
0x00007ff97ad20000 - 0x00007ff97afbb000 	C:\Windows\WinSxS\amd64_microsoft.windows.common-controls_6595b64144ccf1df_6.0.19041.746_none_ca02b4b61b8320a4\COMCTL32.dll
0x00007ff9914d0000 - 0x00007ff99156e000 	C:\Windows\System32\msvcrt.dll
0x00007ff991ef0000 - 0x00007ff991f20000 	C:\Windows\System32\IMM32.DLL
0x00007ff98ab20000 - 0x00007ff98ab2c000 	C:\Program Files\Java\jdk-15\bin\vcruntime140_1.dll
0x00007ff984440000 - 0x00007ff9844d1000 	C:\Program Files\Java\jdk-15\bin\msvcp140.dll
0x00007ff95e400000 - 0x00007ff95ef5c000 	C:\Program Files\Java\jdk-15\bin\server\jvm.dll
0x00007ff9912f0000 - 0x00007ff99139c000 	C:\Windows\System32\ADVAPI32.dll
0x00007ff991ac0000 - 0x00007ff991b5c000 	C:\Windows\System32\sechost.dll
0x00007ff991570000 - 0x00007ff99169b000 	C:\Windows\System32\RPCRT4.dll
0x00007ff990a60000 - 0x00007ff990a68000 	C:\Windows\System32\PSAPI.DLL
0x00007ff97bb50000 - 0x00007ff97bb59000 	C:\Windows\SYSTEM32\WSOCK32.dll
0x00007ff98c700000 - 0x00007ff98c70a000 	C:\Windows\SYSTEM32\VERSION.dll
0x00007ff985990000 - 0x00007ff9859b7000 	C:\Windows\SYSTEM32\WINMM.dll
0x00007ff991a50000 - 0x00007ff991abb000 	C:\Windows\System32\WS2_32.dll
0x00007ff98ddc0000 - 0x00007ff98ddd2000 	C:\Windows\SYSTEM32\kernel.appcore.dll
0x00007ff989440000 - 0x00007ff98944a000 	C:\Program Files\Java\jdk-15\bin\jimage.dll
0x00007ff98f530000 - 0x00007ff98f714000 	C:\Windows\SYSTEM32\DBGHELP.DLL
0x00007ff98f2e0000 - 0x00007ff98f30c000 	C:\Windows\SYSTEM32\dbgcore.DLL
0x00007ff98feb0000 - 0x00007ff98ff30000 	C:\Windows\System32\bcryptPrimitives.dll
0x00007ff988410000 - 0x00007ff98841e000 	C:\Program Files\Java\jdk-15\bin\instrument.dll
0x00007ff987e70000 - 0x00007ff987e95000 	C:\Program Files\Java\jdk-15\bin\java.dll
0x00007ff990ba0000 - 0x00007ff9912e3000 	C:\Windows\System32\SHELL32.dll
0x00007ff98d3e0000 - 0x00007ff98db6f000 	C:\Windows\SYSTEM32\windows.storage.dll
0x00007ff990490000 - 0x00007ff9907e6000 	C:\Windows\System32\combase.dll
0x00007ff98ee80000 - 0x00007ff98eeac000 	C:\Windows\SYSTEM32\Wldp.dll
0x00007ff9913a0000 - 0x00007ff99144e000 	C:\Windows\System32\SHCORE.dll
0x00007ff990430000 - 0x00007ff990485000 	C:\Windows\System32\shlwapi.dll
0x00007ff98fa40000 - 0x00007ff98fa66000 	C:\Windows\SYSTEM32\profapi.dll
0x00007ff987de0000 - 0x00007ff987df8000 	C:\Program Files\Java\jdk-15\bin\zip.dll
0x00007ff987f70000 - 0x00007ff987f89000 	C:\Program Files\Java\jdk-15\bin\net.dll
0x00007ff985440000 - 0x00007ff985540000 	C:\Windows\SYSTEM32\WINHTTP.dll
0x00007ff98ec30000 - 0x00007ff98ec9a000 	C:\Windows\system32\mswsock.dll
0x00007ff987e00000 - 0x00007ff987e12000 	C:\Program Files\Java\jdk-15\bin\nio.dll
0x00007ff987dc0000 - 0x00007ff987dda000 	C:\Program Files\JetBrains\IntelliJ IDEA Community Edition 2020.2.3\bin\breakgen64.dll
0x00007ff988110000 - 0x00007ff988120000 	C:\Program Files\Java\jdk-15\bin\verify.dll
0x00007ff987e60000 - 0x00007ff987e69000 	C:\Program Files\Java\jdk-15\bin\management.dll
0x00007ff987db0000 - 0x00007ff987dbb000 	C:\Program Files\Java\jdk-15\bin\management_ext.dll
0x00007ff97df60000 - 0x00007ff97df77000 	C:\Windows\system32\napinsp.dll
0x00007ff97cd50000 - 0x00007ff97cd6b000 	C:\Windows\system32\pnrpnsp.dll
0x00007ff97ca60000 - 0x00007ff97ca75000 	C:\Windows\system32\wshbth.dll
0x00007ff98aa90000 - 0x00007ff98aaad000 	C:\Windows\system32\NLAapi.dll
0x00007ff98e8f0000 - 0x00007ff98e92b000 	C:\Windows\SYSTEM32\IPHLPAPI.DLL
0x00007ff98e930000 - 0x00007ff98e9fb000 	C:\Windows\SYSTEM32\DNSAPI.dll
0x00007ff991db0000 - 0x00007ff991db8000 	C:\Windows\System32\NSI.dll
0x00007ff97c730000 - 0x00007ff97c742000 	C:\Windows\System32\winrnr.dll
0x00007ff9853f0000 - 0x00007ff9853fa000 	C:\Windows\System32\rasadhlp.dll
0x00007ff983e80000 - 0x00007ff983eff000 	C:\Windows\System32\fwpuclnt.dll
0x00007ff98ff30000 - 0x00007ff98ff57000 	C:\Windows\System32\bcrypt.dll

dbghelp: loaded successfully - version: 4.0.5 - missing functions: none
symbol engine: initialized successfully - sym options: 0x614 - pdb path: .;C:\Program Files\Java\jdk-15\bin;C:\Windows\SYSTEM32;C:\Windows\WinSxS\amd64_microsoft.windows.common-controls_6595b64144ccf1df_6.0.19041.746_none_ca02b4b61b8320a4;C:\Program Files\Java\jdk-15\bin\server;C:\Program Files\JetBrains\IntelliJ IDEA Community Edition 2020.2.3\bin

VM Arguments:
jvm_args: -ea -Didea.test.cyclic.buffer.size=1048576 -javaagent:C:\Program Files\JetBrains\IntelliJ IDEA Community Edition 2020.2.3\lib\idea_rt.jar=63049:C:\Program Files\JetBrains\IntelliJ IDEA Community Edition 2020.2.3\bin -Dfile.encoding=UTF-8 
java_command: com.intellij.rt.junit.JUnitStarter -ideVersion5 -junit4 sk.krayo.dbproject.DatabaseMetaDataStatsServiceTest
java_class_path (initial): C:\Program Files\JetBrains\IntelliJ IDEA Community Edition 2020.2.3\lib\idea_rt.jar;C:\Program Files\JetBrains\IntelliJ IDEA Community Edition 2020.2.3\plugins\junit\lib\junit5-rt.jar;C:\Program Files\JetBrains\IntelliJ IDEA Community Edition 2020.2.3\plugins\junit\lib\junit-rt.jar;C:\dev\db-viewer\db-viewer-server\target\test-classes;C:\dev\db-viewer\db-viewer-server\target\classes;C:\Users\tomas\.m2\repository\org\springframework\boot\spring-boot-starter-data-jpa\2.4.0\spring-boot-starter-data-jpa-2.4.0.jar;C:\Users\tomas\.m2\repository\org\springframework\boot\spring-boot-starter-aop\2.4.0\spring-boot-starter-aop-2.4.0.jar;C:\Users\tomas\.m2\repository\org\springframework\spring-aop\5.3.1\spring-aop-5.3.1.jar;C:\Users\tomas\.m2\repository\org\aspectj\aspectjweaver\1.9.6\aspectjweaver-1.9.6.jar;C:\Users\tomas\.m2\repository\org\springframework\boot\spring-boot-starter-jdbc\2.4.0\spring-boot-starter-jdbc-2.4.0.jar;C:\Users\tomas\.m2\repository\com\zaxxer\HikariCP\3.4.5\HikariCP-3.4.5.jar;C:\Users\tomas\.m2\repository\org\springframework\spring-jdbc\5.3.1\spring-jdbc-5.3.1.jar;C:\Users\tomas\.m2\repository\jakarta\transaction\jakarta.transaction-api\1.3.3\jakarta.transaction-api-1.3.3.jar;C:\Users\tomas\.m2\repository\jakarta\persistence\jakarta.persistence-api\2.2.3\jakarta.persistence-api-2.2.3.jar;C:\Users\tomas\.m2\repository\org\hibernate\hibernate-core\5.4.23.Final\hibernate-core-5.4.23.Final.jar;C:\Users\tomas\.m2\repository\org\jboss\logging\jboss-logging\3.4.1.Final\jboss-logging-3.4.1.Final.jar;C:\Users\tomas\.m2\repository\org\javassist\javassist\3.24.0-GA\javassist-3.24.0-GA.jar;C:\Users\tomas\.m2\repository\net\bytebuddy\byte-buddy\1.10.18\byte-buddy-1.10.18.jar;C:\Users\tomas\.m2\repository\antlr\antlr\2.7.7\antlr-2.7.7.jar;C:\Users\tomas\.m2\repository\org\jboss\jandex\2.1.3.Final\jandex-2.1.3.Final.jar;C:\Users\tomas\.m2\repository\com\fasterxml\classmate\1.5.1\classmate-1.5.1.jar;C:\Users\tomas\.m2\repository\org\dom4j\d
Launcher Type: SUN_STANDARD

[Global flags]
     intx CICompilerCount                          = 12                                        {product} {ergonomic}
     uint ConcGCThreads                            = 3                                         {product} {ergonomic}
     uint G1ConcRefinementThreads                  = 13                                        {product} {ergonomic}
   size_t G1HeapRegionSize                         = 4194304                                   {product} {ergonomic}
    uintx GCDrainStackTargetSize                   = 64                                        {product} {ergonomic}
   size_t InitialHeapSize                          = 536870912                                 {product} {ergonomic}
   size_t MarkStackSize                            = 4194304                                   {product} {ergonomic}
   size_t MaxHeapSize                              = 8577351680                                {product} {ergonomic}
   size_t MaxNewSize                               = 5146411008                                {product} {ergonomic}
   size_t MinHeapDeltaBytes                        = 4194304                                   {product} {ergonomic}
   size_t MinHeapSize                              = 8388608                                   {product} {ergonomic}
    uintx NonNMethodCodeHeapSize                   = 7602480                                {pd product} {ergonomic}
    uintx NonProfiledCodeHeapSize                  = 122027880                              {pd product} {ergonomic}
    uintx ProfiledCodeHeapSize                     = 122027880                              {pd product} {ergonomic}
    uintx ReservedCodeCacheSize                    = 251658240                              {pd product} {ergonomic}
     bool SegmentedCodeCache                       = true                                      {product} {ergonomic}
   size_t SoftMaxHeapSize                          = 8577351680                             {manageable} {ergonomic}
     bool UseCompressedClassPointers               = true                                 {lp64_product} {ergonomic}
     bool UseCompressedOops                        = true                                 {lp64_product} {ergonomic}
     bool UseG1GC                                  = true                                      {product} {ergonomic}
     bool UseLargePagesIndividualAllocation        = false                                  {pd product} {ergonomic}

Logging:
Log output configuration:
 #0: stdout all=warning uptime,level,tags
 #1: stderr all=off uptime,level,tags

Environment Variables:
JAVA_HOME=C:\Program Files\Java\jdk-15
PATH=C:\Windows\system32;C:\Windows;C:\Windows\System32\Wbem;C:\Windows\System32\WindowsPowerShell\v1.0\;C:\Windows\System32\OpenSSH\;C:\Program Files\Java\jdk-15\bin;C:\Program Files\Maven\apache-maven-3.6.3\bin;C:\Program Files\Maven\apache-maven-3.6.3\bin;C:\Program Files\nodejs\;C:\Program Files\Docker\Docker\resources\bin;C:\ProgramData\DockerDesktop\version-bin;C:\Program Files (x86)\Yarn\bin\;C:\Program Files\Git\cmd;C:\Users\tomas\AppData\Local\Microsoft\WindowsApps;;C:\Users\tomas\AppData\Local\Programs\Microsoft VS Code\bin;C:\Users\tomas\AppData\Roaming\npm;C:\Program Files\Azure Data Studio\bin;C:\Users\tomas\AppData\Local\Yarn\bin
USERNAME=tomas
OS=Windows_NT
PROCESSOR_IDENTIFIER=AMD64 Family 23 Model 1 Stepping 1, AuthenticAMD



---------------  S Y S T E M  ---------------

OS:
 Windows 10 , 64 bit Build 19041 (10.0.19041.662)
OS uptime: 6 days 0:14 hours

CPU: total 16 (initial active 16) (16 cores per cpu, 2 threads per core) family 23 model 1 stepping 1, cmov, cx8, fxsr, mmx, sse, sse2, sse3, ssse3, sse4.1, sse4.2, popcnt, vzeroupper, avx, avx2, aes, clmul, 3dnowpref, lzcnt, sse4a, ht, tsc, tscinvbit, tscinv, bmi1, bmi2, adx, sha, fma, clflush, clflushopt

Memory: 4k page, system-wide physical 32718M (20758M free)
TotalPageFile size 62393M (AvailPageFile size 5M)
current process WorkingSet (physical memory assigned to process): 130M, peak: 130M
current process commit charge ("private bytes"): 678M, peak: 678M

vm_info: OpenJDK 64-Bit Server VM (15+36-1562) for windows-amd64 JRE (15+36-1562), built on Aug 11 2020 22:33:04 by "mach5one" with unknown MS VC++:1925

END.
