#
# There is insufficient memory for the Java Runtime Environment to continue.
# Native memory allocation (malloc) failed to allocate 32744 bytes for ChunkPool::allocate
# Possible reasons:
#   The system is out of physical RAM or swap space
#   The process is running with CompressedOops enabled, and the Java Heap may be blocking the growth of the native heap
# Possible solutions:
#   Reduce memory load on the system
#   Increase physical memory or swap space
#   Check if swap backing store is full
#   Decrease Java heap size (-Xmx/-Xms)
#   Decrease number of Java threads
#   Decrease Java thread stack sizes (-Xss)
#   Set larger code cache with -XX:ReservedCodeCacheSize=
#   JVM is running with Zero Based Compressed Oops mode in which the Java heap is
#     placed in the first 32GB address space. The Java Heap base address is the
#     maximum limit for the native heap growth. Please use -XX:HeapBaseMinAddress
#     to set the Java Heap base and to place the Java Heap above 32GB virtual address.
# This output file may be truncated or incomplete.
#
#  Out of Memory Error (./open/src/hotspot/share/memory/arena.cpp:79), pid=4996, tid=16128
#
# JRE version: OpenJDK Runtime Environment (15.0+36) (build 15+36-1562)
# Java VM: OpenJDK 64-Bit Server VM (15+36-1562, mixed mode, sharing, tiered, compressed oops, g1 gc, windows-amd64)
# No core dump will be written. Minidumps are not enabled by default on client versions of Windows
#

---------------  S U M M A R Y ------------

Command Line: -ea -Didea.test.cyclic.buffer.size=1048576 -javaagent:C:\Program Files\JetBrains\IntelliJ IDEA Community Edition 2020.2.3\lib\idea_rt.jar=63044:C:\Program Files\JetBrains\IntelliJ IDEA Community Edition 2020.2.3\bin -Dfile.encoding=UTF-8 com.intellij.rt.junit.JUnitStarter -ideVersion5 -junit4 sk.krayo.dbproject.DatabaseMetaDataStatsServiceTest,testGetColumnStatsNumber

Host: AMD Ryzen 7 1700 Eight-Core Processor          , 16 cores, 31G,  Windows 10 , 64 bit Build 19041 (10.0.19041.662)
Time: Sun Feb  7 19:11:28 2021 Central Europe Standard Time elapsed time: 2.863521 seconds (0d 0h 0m 2s)

---------------  T H R E A D  ---------------

Current thread (0x000002624dc94710):  JavaThread "C1 CompilerThread0" daemon [_thread_in_native, id=16128, stack(0x000000afa9d00000,0x000000afa9e00000)]


Current CompileTask:
C1:   2863 2686   !   3       org.springframework.beans.factory.support.AbstractBeanFactory::doGetBean (952 bytes)

Stack: [0x000000afa9d00000,0x000000afa9e00000]
Native frames: (J=compiled Java code, j=interpreted, Vv=VM code, C=native code)
V  [jvm.dll+0x629eaa]
V  [jvm.dll+0x780379]
V  [jvm.dll+0x781ad3]
V  [jvm.dll+0x782133]
V  [jvm.dll+0x2159d5]
V  [jvm.dll+0x97cdf]
V  [jvm.dll+0x9802c]
V  [jvm.dll+0xf62a5]
V  [jvm.dll+0x15c4c6]
V  [jvm.dll+0x15e03d]
V  [jvm.dll+0x15d59a]
V  [jvm.dll+0x12526b]
V  [jvm.dll+0x10f09c]
V  [jvm.dll+0x10f240]
V  [jvm.dll+0x10f504]
V  [jvm.dll+0x10e842]
V  [jvm.dll+0x1106dc]
V  [jvm.dll+0x1f88f5]
V  [jvm.dll+0x1f699c]
V  [jvm.dll+0x74384d]
V  [jvm.dll+0x73c64a]
V  [jvm.dll+0x628d16]
C  [ucrtbase.dll+0x214c2]
C  [KERNEL32.DLL+0x17034]
C  [ntdll.dll+0x4d0d1]


---------------  P R O C E S S  ---------------

Threads class SMR info:
_java_thread_list=0x0000026251ffe130, length=20, elements={
0x00000262201b3950, 0x000002624dc68970, 0x000002624dc69450, 0x000002624dc80630,
0x000002624dc85310, 0x000002624dc85cd0, 0x000002624dc883f0, 0x000002624dc94710,
0x000002624dc9fc00, 0x000002624e62e090, 0x000002624e6336e0, 0x000002624e635c00,
0x000002624e62ef00, 0x000002624e62c880, 0x000002624edcfa70, 0x000002624f61f8a0,
0x000002624e62f8a0, 0x000002625128e780, 0x0000026251f39580, 0x0000026252851c10
}

Java Threads: ( => current thread )
  0x00000262201b3950 JavaThread "main" [_thread_in_native, id=3596, stack(0x000000afa9000000,0x000000afa9100000)]
  0x000002624dc68970 JavaThread "Reference Handler" daemon [_thread_blocked, id=16408, stack(0x000000afa9700000,0x000000afa9800000)]
  0x000002624dc69450 JavaThread "Finalizer" daemon [_thread_blocked, id=8884, stack(0x000000afa9800000,0x000000afa9900000)]
  0x000002624dc80630 JavaThread "Signal Dispatcher" daemon [_thread_blocked, id=16316, stack(0x000000afa9900000,0x000000afa9a00000)]
  0x000002624dc85310 JavaThread "Attach Listener" daemon [_thread_blocked, id=15548, stack(0x000000afa9a00000,0x000000afa9b00000)]
  0x000002624dc85cd0 JavaThread "Service Thread" daemon [_thread_blocked, id=15028, stack(0x000000afa9b00000,0x000000afa9c00000)]
  0x000002624dc883f0 JavaThread "C2 CompilerThread0" daemon [_thread_in_native, id=9800, stack(0x000000afa9c00000,0x000000afa9d00000)]
=>0x000002624dc94710 JavaThread "C1 CompilerThread0" daemon [_thread_in_native, id=16128, stack(0x000000afa9d00000,0x000000afa9e00000)]
  0x000002624dc9fc00 JavaThread "Sweeper thread" daemon [_thread_blocked, id=2556, stack(0x000000afa9e00000,0x000000afa9f00000)]
  0x000002624e62e090 JavaThread "Common-Cleaner" daemon [_thread_blocked, id=14808, stack(0x000000afa9f00000,0x000000afaa000000)]
  0x000002624e6336e0 JavaThread "C1 CompilerThread1" daemon [_thread_blocked, id=9928, stack(0x000000afaa000000,0x000000afaa100000)]
  0x000002624e635c00 JavaThread "C1 CompilerThread2" daemon [_thread_blocked, id=7008, stack(0x000000afaa100000,0x000000afaa200000)]
  0x000002624e62ef00 JavaThread "Monitor Ctrl-Break" daemon [_thread_in_native, id=17040, stack(0x000000afaa300000,0x000000afaa400000)]
  0x000002624e62c880 JavaThread "Notification Thread" daemon [_thread_blocked, id=16020, stack(0x000000afaa400000,0x000000afaa500000)]
  0x000002624edcfa70 JavaThread "C2 CompilerThread1" daemon [_thread_in_native, id=2972, stack(0x000000afaa200000,0x000000afaa300000)]
  0x000002624f61f8a0 JavaThread "C1 CompilerThread3" daemon [_thread_in_native, id=7532, stack(0x000000afaa700000,0x000000afaa800000)]
  0x000002624e62f8a0 JavaThread "background-preinit" [_thread_in_native, id=7420, stack(0x000000afaa600000,0x000000afaa700000)]
  0x000002625128e780 JavaThread "C2 CompilerThread2" daemon [_thread_in_native, id=13388, stack(0x000000afab500000,0x000000afab600000)]
  0x0000026251f39580 JavaThread "C2 CompilerThread3" daemon [_thread_in_native, id=5216, stack(0x000000afab600000,0x000000afab700000)]
  0x0000026252851c10 JavaThread "C2 CompilerThread4" daemon [_thread_blocked, id=1240, stack(0x000000afab700000,0x000000afab800000)]

Other Threads:
  0x000002624dc631c0 VMThread "VM Thread" [stack: 0x000000afa9600000,0x000000afa9700000] [id=9688]
  0x00000262201b4a10 WatcherThread [stack: 0x000000afaa500000,0x000000afaa600000] [id=2152]
  0x000002622022c560 GCTaskThread "GC Thread#0" [stack: 0x000000afa9100000,0x000000afa9200000] [id=16244]
  0x000002624f961c40 GCTaskThread "GC Thread#1" [stack: 0x000000afaa800000,0x000000afaa900000] [id=15804]
  0x000002624f960f80 GCTaskThread "GC Thread#2" [stack: 0x000000afaa900000,0x000000afaaa00000] [id=16212]
  0x000002624f95ff90 GCTaskThread "GC Thread#3" [stack: 0x000000afaaa00000,0x000000afaab00000] [id=11580]
  0x000002624f95f600 GCTaskThread "GC Thread#4" [stack: 0x000000afaab00000,0x000000afaac00000] [id=8304]
  0x000002624f9605f0 GCTaskThread "GC Thread#5" [stack: 0x000000afaac00000,0x000000afaad00000] [id=16788]
  0x000002624f95f930 GCTaskThread "GC Thread#6" [stack: 0x000000afaad00000,0x000000afaae00000] [id=11652]
  0x000002624f9602c0 GCTaskThread "GC Thread#7" [stack: 0x000000afaae00000,0x000000afaaf00000] [id=8712]
  0x000002624f960920 GCTaskThread "GC Thread#8" [stack: 0x000000afaaf00000,0x000000afab000000] [id=13204]
  0x000002624f962f60 GCTaskThread "GC Thread#9" [stack: 0x000000afab000000,0x000000afab100000] [id=15808]
  0x000002624f960c50 GCTaskThread "GC Thread#10" [stack: 0x000000afab100000,0x000000afab200000] [id=10232]
  0x000002624f961f70 GCTaskThread "GC Thread#11" [stack: 0x000000afab200000,0x000000afab300000] [id=10624]
  0x000002622023e6e0 ConcurrentGCThread "G1 Main Marker" [stack: 0x000000afa9200000,0x000000afa9300000] [id=15196]
  0x00000262202401f0 ConcurrentGCThread "G1 Conc#0" [stack: 0x000000afa9300000,0x000000afa9400000] [id=14056]
  0x000002624f9615e0 ConcurrentGCThread "G1 Conc#1" [stack: 0x000000afab800000,0x000000afab900000] [id=13684]
  0x000002624f961910 ConcurrentGCThread "G1 Conc#2" [stack: 0x000000afab900000,0x000000afaba00000] [id=9292]
  0x000002624db5b1f0 ConcurrentGCThread "G1 Refine#0" [stack: 0x000000afa9400000,0x000000afa9500000] [id=14272]
  0x000002624f755410 ConcurrentGCThread "G1 Refine#1" [stack: 0x000000afab300000,0x000000afab400000] [id=10448]
  0x000002624f755770 ConcurrentGCThread "G1 Refine#2" [stack: 0x000000afab400000,0x000000afab500000] [id=292]
  0x000002624db5bd00 ConcurrentGCThread "G1 Young RemSet Sampling" [stack: 0x000000afa9500000,0x000000afa9600000] [id=8252]

Threads with active compile tasks:
C2 CompilerThread0     2933 2351   !   4       jdk.internal.loader.BuiltinClassLoader::loadClassOrNull (143 bytes)
C1 CompilerThread0     2933 2686   !   3       org.springframework.beans.factory.support.AbstractBeanFactory::doGetBean (952 bytes)
C1 CompilerThread1     2933 2749       3       java.lang.invoke.ConstantCallSite::dynamicInvoker (5 bytes)
C2 CompilerThread1     2933 2508       4       jdk.internal.module.SystemModuleFinders$SystemModuleReader::find (54 bytes)
C1 CompilerThread3     2933 2701       3       java.util.zip.ZipEntry::setExtra0 (493 bytes)
C2 CompilerThread2     2933 2570       4       sun.util.locale.BaseLocale::getInstance (186 bytes)
C2 CompilerThread3     2933 2632  s    4       jdk.internal.jimage.BasicImageReader::findLocation (115 bytes)

VM state: not at safepoint (normal execution)

VM Mutex/Monitor currently owned by a thread: None

Heap address: 0x0000000600c00000, size: 8180 MB, Compressed Oops mode: Zero based, Oop shift amount: 3
CDS archive(s) mapped at: [0x0000000800000000-0x0000000800b50000-0x0000000800b50000), size 11862016, SharedBaseAddress: 0x0000000800000000, ArchiveRelocationMode: 0.
Compressed class space mapped at: 0x0000000800b50000-0x0000000840b50000, size: 1073741824
Narrow klass base: 0x0000000800000000, Narrow klass shift: 3, Narrow klass range: 0x100000000

GC Precious Log:
 CPUs: 16 total, 16 available
 Memory: 32718M
 Large Page Support: Disabled
 NUMA Support: Disabled
 Compressed Oops: Enabled (Zero based)
 Heap Region Size: 4M
 Heap Min Capacity: 8M
 Heap Initial Capacity: 512M
 Heap Max Capacity: 8180M
 Pre-touch: Disabled
 Parallel Workers: 13
 Concurrent Workers: 3
 Concurrent Refinement Workers: 13
 Periodic GC: Disabled

Heap:
 garbage-first heap   total 69632K, used 12675K [0x0000000600c00000, 0x0000000800000000)
  region size 4096K, 3 young (12288K), 2 survivors (8192K)
 Metaspace       used 21103K, capacity 21402K, committed 21552K, reserved 1069056K
  class space    used 2613K, capacity 2677K, committed 2688K, reserved 1048576K

Heap Regions: E=young(eden), S=young(survivor), O=old, HS=humongous(starts), HC=humongous(continues), CS=collection set, F=free, OA=open archive, CA=closed archive, TAMS=top-at-mark-start (previous, next)
|   0|0x0000000600c00000, 0x0000000601000000, 0x0000000601000000|100%| O|  |TAMS 0x0000000601000000, 0x0000000600c00000| Untracked 
|   1|0x0000000601000000, 0x0000000601335600, 0x0000000601400000| 80%| O|  |TAMS 0x0000000601335600, 0x0000000601000000| Untracked 
|   2|0x0000000601400000, 0x0000000601400000, 0x0000000601800000|  0%| F|  |TAMS 0x0000000601400000, 0x0000000601400000| Untracked 
|   3|0x0000000601800000, 0x0000000601800000, 0x0000000601c00000|  0%| F|  |TAMS 0x0000000601800000, 0x0000000601800000| Untracked 
|   4|0x0000000601c00000, 0x0000000601c00000, 0x0000000602000000|  0%| F|  |TAMS 0x0000000601c00000, 0x0000000601c00000| Untracked 
|   5|0x0000000602000000, 0x0000000602000000, 0x0000000602400000|  0%| F|  |TAMS 0x0000000602000000, 0x0000000602000000| Untracked 
|   6|0x0000000602400000, 0x0000000602400000, 0x0000000602800000|  0%| F|  |TAMS 0x0000000602400000, 0x0000000602400000| Untracked 
|   7|0x0000000602800000, 0x0000000602800000, 0x0000000602c00000|  0%| F|  |TAMS 0x0000000602800000, 0x0000000602800000| Untracked 
|   8|0x0000000602c00000, 0x0000000602c00000, 0x0000000603000000|  0%| F|  |TAMS 0x0000000602c00000, 0x0000000602c00000| Untracked 
|   9|0x0000000603000000, 0x0000000603000000, 0x0000000603400000|  0%| F|  |TAMS 0x0000000603000000, 0x0000000603000000| Untracked 
|  10|0x0000000603400000, 0x0000000603400000, 0x0000000603800000|  0%| F|  |TAMS 0x0000000603400000, 0x0000000603400000| Untracked 
|  11|0x0000000603800000, 0x0000000603800000, 0x0000000603c00000|  0%| F|  |TAMS 0x0000000603800000, 0x0000000603800000| Untracked 
|  12|0x0000000603c00000, 0x0000000603c00000, 0x0000000604000000|  0%| F|  |TAMS 0x0000000603c00000, 0x0000000603c00000| Untracked 
|  13|0x0000000604000000, 0x0000000604000000, 0x0000000604400000|  0%| F|  |TAMS 0x0000000604000000, 0x0000000604000000| Untracked 
| 112|0x000000061cc00000, 0x000000061cd2b700, 0x000000061d000000| 29%| S|CS|TAMS 0x000000061cc00000, 0x000000061cc00000| Complete 
| 113|0x000000061d000000, 0x000000061d400000, 0x000000061d400000|100%| S|CS|TAMS 0x000000061d000000, 0x000000061d000000| Complete 
| 127|0x0000000620800000, 0x0000000620c00000, 0x0000000620c00000|100%| E|  |TAMS 0x0000000620800000, 0x0000000620800000| Complete 

Card table byte_map: [0x0000026238c50000,0x0000026239c50000] _byte_map_base: 0x0000026235c4a000

Marking Bits (Prev, Next): (CMBitMap*) 0x000002622022dd30, (CMBitMap*) 0x000002622022dcf0
 Prev Bits: [0x0000026242c20000, 0x000002624abf0000)
 Next Bits: [0x000002623ac50000, 0x0000026242c20000)

Polling page: 0x000002621e1b0000

Metaspace:

Usage:
  Non-class:     18.29 MB capacity,    18.06 MB ( 99%) used,   202.84 KB (  1%) free+waste,    27.69 KB ( <1%) overhead. 
      Class:      2.61 MB capacity,     2.55 MB ( 98%) used,    50.88 KB (  2%) free+waste,    10.94 KB ( <1%) overhead. 
       Both:     20.90 MB capacity,    20.61 MB ( 99%) used,   253.71 KB (  1%) free+waste,    38.62 KB ( <1%) overhead. 

Virtual space:
  Non-class space:       20.00 MB reserved,      18.42 MB ( 92%) committed 
      Class space:        1.00 GB reserved,       2.62 MB ( <1%) committed 
             Both:        1.02 GB reserved,      21.05 MB (  2%) committed 

Chunk freelists:
   Non-Class:  27.00 KB
       Class:  11.00 KB
        Both:  38.00 KB

MaxMetaspaceSize: 17179869184.00 GB
CompressedClassSpaceSize: 1.00 GB

CodeHeap 'non-profiled nmethods': size=119168Kb used=1169Kb max_used=1169Kb free=117998Kb
 bounds [0x000002622ff70000, 0x00000262301e0000, 0x00000262373d0000]
CodeHeap 'profiled nmethods': size=119104Kb used=5638Kb max_used=5638Kb free=113465Kb
 bounds [0x0000026228b20000, 0x00000262290b0000, 0x000002622ff70000]
CodeHeap 'non-nmethods': size=7488Kb used=2904Kb max_used=2945Kb free=4583Kb
 bounds [0x00000262283d0000, 0x00000262286c0000, 0x0000026228b20000]
 total_blobs=3226 nmethods=2744 adapters=391
 compilation: enabled
              stopped_count=0, restarted_count=0
 full_count=0

Compilation events (20 events):
Event: 2.855 Thread 0x000002624dc94710 nmethod 2679 0x0000026229078b10 code [0x0000026229078cc0, 0x0000026229079078]
Event: 2.855 Thread 0x000002624f61f8a0 nmethod 2674 0x0000026229079190 code [0x0000026229079420, 0x000002622907a108]
Event: 2.855 Thread 0x000002624f61f8a0 2682       3       java.util.stream.ReduceOps$3ReducingSink::begin (14 bytes)
Event: 2.855 Thread 0x000002624e635c00 2681       3       java.util.stream.ReduceOps$Box::<init> (5 bytes)
Event: 2.855 Thread 0x000002624dc94710 2683       1       org.springframework.core.type.filter.AbstractTypeHierarchyTraversingFilter::matchSelf (2 bytes)
Event: 2.855 Thread 0x000002624e6336e0 nmethod 2680 0x000002622907a510 code [0x000002622907a6c0, 0x000002622907a9b8]
Event: 2.855 Thread 0x000002624dc94710 nmethod 2683 0x000002623008ec90 code [0x000002623008ee20, 0x000002623008eed8]
Event: 2.855 Thread 0x000002624f61f8a0 nmethod 2682 0x000002622907aa90 code [0x000002622907ac40, 0x000002622907ae68]
Event: 2.855 Thread 0x000002624e635c00 nmethod 2681 0x000002622907af10 code [0x000002622907b0a0, 0x000002622907b1f8]
Event: 2.855 Thread 0x000002624f61f8a0 2684       3       java.util.HashMap::getNode (150 bytes)
Event: 2.855 Thread 0x000002624e6336e0 2685       3       org.springframework.beans.factory.support.DefaultSingletonBeanRegistry::getSingleton (7 bytes)
Event: 2.855 Thread 0x000002624dc94710 2686   !   3       org.springframework.beans.factory.support.AbstractBeanFactory::doGetBean (952 bytes)
Event: 2.855 Thread 0x000002624e635c00 2687       3       org.springframework.beans.factory.support.AbstractAutowireCapableBeanFactory::getObjectForBeanInstance (34 bytes)
Event: 2.855 Thread 0x000002624e6336e0 nmethod 2685 0x000002622907b290 code [0x000002622907b440, 0x000002622907b608]
Event: 2.855 Thread 0x000002624e6336e0 2689       3       org.springframework.boot.autoconfigure.condition.FilteringSpringBootCondition::filter (82 bytes)
Event: 2.856 Thread 0x000002624f61f8a0 nmethod 2684 0x000002622907b690 code [0x000002622907b8c0, 0x000002622907c498]
Event: 2.856 Thread 0x000002624f61f8a0 2688       3       org.springframework.beans.factory.support.AbstractBeanFactory::getObjectForBeanInstance (161 bytes)
Event: 2.856 Thread 0x000002624e635c00 nmethod 2687 0x000002622907c790 code [0x000002622907c960, 0x000002622907cd88]
Event: 2.857 Thread 0x000002624e6336e0 nmethod 2689 0x000002622907cf10 code [0x000002622907d1a0, 0x000002622907dfb8]
Event: 2.857 Thread 0x000002624f61f8a0 nmethod 2688 0x000002622907e490 code [0x000002622907e720, 0x000002622907f9d8]

GC Heap History (6 events):
Event: 1.141 GC heap before
{Heap before GC invocations=0 (full 0):
 garbage-first heap   total 524288K, used 20480K [0x0000000600c00000, 0x0000000800000000)
  region size 4096K, 6 young (24576K), 0 survivors (0K)
 Metaspace       used 5502K, capacity 7187K, committed 7552K, reserved 1056768K
  class space    used 608K, capacity 772K, committed 896K, reserved 1048576K
}
Event: 1.146 GC heap after
{Heap after GC invocations=1 (full 0):
 garbage-first heap   total 524288K, used 7136K [0x0000000600c00000, 0x0000000800000000)
  region size 4096K, 1 young (4096K), 1 survivors (4096K)
 Metaspace       used 5502K, capacity 7187K, committed 7552K, reserved 1056768K
  class space    used 608K, capacity 772K, committed 896K, reserved 1048576K
}
Event: 1.886 GC heap before
{Heap before GC invocations=1 (full 0):
 garbage-first heap   total 524288K, used 27616K [0x0000000600c00000, 0x0000000800000000)
  region size 4096K, 6 young (24576K), 1 survivors (4096K)
 Metaspace       used 10076K, capacity 10574K, committed 10752K, reserved 1058816K
  class space    used 1207K, capacity 1277K, committed 1280K, reserved 1048576K
}
Event: 1.889 GC heap after
{Heap after GC invocations=2 (full 0):
 garbage-first heap   total 524288K, used 9022K [0x0000000600c00000, 0x0000000800000000)
  region size 4096K, 1 young (4096K), 1 survivors (4096K)
 Metaspace       used 10076K, capacity 10574K, committed 10752K, reserved 1058816K
  class space    used 1207K, capacity 1277K, committed 1280K, reserved 1048576K
}
Event: 2.532 GC heap before
{Heap before GC invocations=2 (full 0):
 garbage-first heap   total 524288K, used 49982K [0x0000000600c00000, 0x0000000800000000)
  region size 4096K, 12 young (49152K), 1 survivors (4096K)
 Metaspace       used 16117K, capacity 16329K, committed 16512K, reserved 1062912K
  class space    used 2104K, capacity 2166K, committed 2176K, reserved 1048576K
}
Event: 2.535 GC heap after
{Heap after GC invocations=3 (full 0):
 garbage-first heap   total 524288K, used 11176K [0x0000000600c00000, 0x0000000800000000)
  region size 4096K, 1 young (4096K), 1 survivors (4096K)
 Metaspace       used 16117K, capacity 16329K, committed 16512K, reserved 1062912K
  class space    used 2104K, capacity 2166K, committed 2176K, reserved 1048576K
}

Deoptimization events (20 events):
Event: 2.805 Thread 0x00000262201b3950 Uncommon trap: trap_request=0xffffffbe fr.pc=0x0000026230085cf8 relative=0x0000000000002218
Event: 2.805 Thread 0x00000262201b3950 Uncommon trap: reason=profile_predicate action=maybe_recompile pc=0x0000026230085cf8 method=jdk.internal.jimage.ImageStringsReader.charsFromByteBuffer([CLjava/nio/ByteBuffer;)V @ 6 c2
Event: 2.805 Thread 0x00000262201b3950 DEOPT PACKING pc=0x0000026230085cf8 sp=0x000000afa90fce80
Event: 2.805 Thread 0x00000262201b3950 DEOPT UNPACKING pc=0x000002622841e42f sp=0x000000afa90fcb60 mode 2
Event: 2.806 Thread 0x00000262201b3950 Uncommon trap: trap_request=0xffffffc6 fr.pc=0x000002623004e34c relative=0x00000000000004ec
Event: 2.806 Thread 0x00000262201b3950 Uncommon trap: reason=bimorphic_or_optimized_type_check action=maybe_recompile pc=0x000002623004e34c method=java.util.HashMap.getNode(Ljava/lang/Object;)Ljava/util/HashMap$Node; @ 128 c2
Event: 2.806 Thread 0x00000262201b3950 DEOPT PACKING pc=0x000002623004e34c sp=0x000000afa90fdad0
Event: 2.806 Thread 0x00000262201b3950 DEOPT UNPACKING pc=0x000002622841e42f sp=0x000000afa90fd9f8 mode 2
Event: 2.815 Thread 0x00000262201b3950 Uncommon trap: trap_request=0xffffffbe fr.pc=0x000002623008ad78 relative=0x0000000000001cb8
Event: 2.815 Thread 0x00000262201b3950 Uncommon trap: reason=profile_predicate action=maybe_recompile pc=0x000002623008ad78 method=jdk.internal.jimage.ImageStringsReader.charsFromByteBuffer([CLjava/nio/ByteBuffer;)V @ 6 c2
Event: 2.815 Thread 0x00000262201b3950 DEOPT PACKING pc=0x000002623008ad78 sp=0x000000afa90fd180
Event: 2.815 Thread 0x00000262201b3950 DEOPT UNPACKING pc=0x000002622841e42f sp=0x000000afa90fcf10 mode 2
Event: 2.820 Thread 0x00000262201b3950 Uncommon trap: trap_request=0xffffffc6 fr.pc=0x000002623004e34c relative=0x00000000000004ec
Event: 2.820 Thread 0x00000262201b3950 Uncommon trap: reason=bimorphic_or_optimized_type_check action=maybe_recompile pc=0x000002623004e34c method=java.util.HashMap.getNode(Ljava/lang/Object;)Ljava/util/HashMap$Node; @ 128 c2
Event: 2.820 Thread 0x00000262201b3950 DEOPT PACKING pc=0x000002623004e34c sp=0x000000afa90fc270
Event: 2.820 Thread 0x00000262201b3950 DEOPT UNPACKING pc=0x000002622841e42f sp=0x000000afa90fc188 mode 2
Event: 2.852 Thread 0x00000262201b3950 Uncommon trap: trap_request=0xffffffc6 fr.pc=0x000002622ffcbbd0 relative=0x0000000000000470
Event: 2.852 Thread 0x00000262201b3950 Uncommon trap: reason=bimorphic_or_optimized_type_check action=maybe_recompile pc=0x000002622ffcbbd0 method=java.util.HashMap.getNode(Ljava/lang/Object;)Ljava/util/HashMap$Node; @ 128 c2
Event: 2.852 Thread 0x00000262201b3950 DEOPT PACKING pc=0x000002622ffcbbd0 sp=0x000000afa90fd440
Event: 2.852 Thread 0x00000262201b3950 DEOPT UNPACKING pc=0x000002622841e42f sp=0x000000afa90fd3c8 mode 2

Classes unloaded (0 events):
No events

Classes redefined (0 events):
No events

Internal exceptions (20 events):
Event: 1.932 Thread 0x00000262201b3950 Exception <a 'java/lang/NoSuchMethodError'{0x000000062094f918}: 'void java.lang.invoke.DirectMethodHandle$Holder.invokeStaticInit(java.lang.Object, java.lang.Object)'> (0x000000062094f918) 
thrown [./open/src/hotspot/share/interpreter/linkResolver.cpp, line 782]
Event: 1.945 Thread 0x00000262201b3950 Exception <a 'java/lang/NoSuchMethodError'{0x0000000620979fa0}: 'java.lang.Object java.lang.invoke.DirectMethodHandle$Holder.invokeStaticInit(java.lang.Object, java.lang.Object, java.lang.Object)'> (0x0000000620979fa0) 
thrown [./open/src/hotspot/share/interpreter/linkResolver.cpp, line 782]
Event: 2.310 Thread 0x00000262201b3950 Exception <a 'java/lang/ClassNotFoundException'{0x000000061f9234d0}: java/lang/ObjectCustomizer> (0x000000061f9234d0) 
thrown [./open/src/hotspot/share/classfile/systemDictionary.cpp, line 295]
Event: 2.314 Thread 0x00000262201b3950 Exception <a 'java/lang/ClassNotFoundException'{0x000000061f930b78}: org/springframework/context/annotation/ConfigurationClassPostProcessorCustomizer> (0x000000061f930b78) 
thrown [./open/src/hotspot/share/classfile/systemDictionary.cpp, line 295]
Event: 2.317 Thread 0x00000262201b3950 Exception <a 'java/lang/ClassNotFoundException'{0x000000061f945e88}: org/springframework/beans/factory/support/BeanDefinitionRegistryPostProcessorCustomizer> (0x000000061f945e88) 
thrown [./open/src/hotspot/share/classfile/systemDictionary.cpp, line 295]
Event: 2.318 Thread 0x00000262201b3950 Exception <a 'java/lang/ClassNotFoundException'{0x000000061fa671a8}: org/springframework/beans/factory/config/BeanFactoryPostProcessorCustomizer> (0x000000061fa671a8) 
thrown [./open/src/hotspot/share/classfile/systemDictionary.cpp, line 295]
Event: 2.319 Thread 0x00000262201b3950 Exception <a 'java/lang/ClassNotFoundException'{0x000000061fa6c120}: org/springframework/core/PriorityOrderedCustomizer> (0x000000061fa6c120) 
thrown [./open/src/hotspot/share/classfile/systemDictionary.cpp, line 295]
Event: 2.320 Thread 0x00000262201b3950 Exception <a 'java/lang/ClassNotFoundException'{0x000000061fa6ff58}: org/springframework/core/OrderedCustomizer> (0x000000061fa6ff58) 
thrown [./open/src/hotspot/share/classfile/systemDictionary.cpp, line 295]
Event: 2.322 Thread 0x00000262201b3950 Exception <a 'java/lang/ClassNotFoundException'{0x000000061fa74d50}: org/springframework/context/ResourceLoaderAwareCustomizer> (0x000000061fa74d50) 
thrown [./open/src/hotspot/share/classfile/systemDictionary.cpp, line 295]
Event: 2.323 Thread 0x00000262201b3950 Exception <a 'java/lang/ClassNotFoundException'{0x000000061fa79ee8}: org/springframework/beans/factory/AwareCustomizer> (0x000000061fa79ee8) 
thrown [./open/src/hotspot/share/classfile/systemDictionary.cpp, line 295]
Event: 2.324 Thread 0x00000262201b3950 Exception <a 'java/lang/ClassNotFoundException'{0x000000061fa7de40}: org/springframework/context/ApplicationStartupAwareCustomizer> (0x000000061fa7de40) 
thrown [./open/src/hotspot/share/classfile/systemDictionary.cpp, line 295]
Event: 2.325 Thread 0x00000262201b3950 Exception <a 'java/lang/ClassNotFoundException'{0x000000061fa83250}: org/springframework/beans/factory/AwareCustomizer> (0x000000061fa83250) 
thrown [./open/src/hotspot/share/classfile/systemDictionary.cpp, line 295]
Event: 2.326 Thread 0x00000262201b3950 Exception <a 'java/lang/ClassNotFoundException'{0x000000061fa871c0}: org/springframework/beans/factory/BeanClassLoaderAwareCustomizer> (0x000000061fa871c0) 
thrown [./open/src/hotspot/share/classfile/systemDictionary.cpp, line 295]
Event: 2.327 Thread 0x00000262201b3950 Exception <a 'java/lang/ClassNotFoundException'{0x000000061fa8c370}: org/springframework/beans/factory/AwareCustomizer> (0x000000061fa8c370) 
thrown [./open/src/hotspot/share/classfile/systemDictionary.cpp, line 295]
Event: 2.329 Thread 0x00000262201b3950 Exception <a 'java/lang/ClassNotFoundException'{0x000000061fa90060}: org/springframework/context/EnvironmentAwareCustomizer> (0x000000061fa90060) 
thrown [./open/src/hotspot/share/classfile/systemDictionary.cpp, line 295]
Event: 2.330 Thread 0x00000262201b3950 Exception <a 'java/lang/ClassNotFoundException'{0x000000061fa95188}: org/springframework/beans/factory/AwareCustomizer> (0x000000061fa95188) 
thrown [./open/src/hotspot/share/classfile/systemDictionary.cpp, line 295]
Event: 2.474 Thread 0x00000262201b3950 Exception <a 'java/lang/NoSuchMethodError'{0x000000061ec75040}: 'int java.lang.invoke.DirectMethodHandle$Holder.invokeSpecialIFC(java.lang.Object, java.lang.Object, java.lang.Object, java.lang.Object)'> (0x000000061ec75040) 
thrown [./open/src/hotspot/share/interpreter/linkResolver.cpp, line 782]
Event: 2.613 Thread 0x00000262201b3950 Exception <a 'java/lang/IncompatibleClassChangeError'{0x000000061f1cd780}: Found class java.lang.Object, but interface was expected> (0x000000061f1cd780) 
thrown [./open/src/hotspot/share/interpreter/linkResolver.cpp, line 848]
Event: 2.637 Thread 0x000002624e62f8a0 Exception <a 'java/lang/NoSuchMethodError'{0x000000061ec6b198}: 'java.lang.Object java.lang.invoke.DirectMethodHandle$Holder.invokeStaticInit(java.lang.Object, java.lang.Object, java.lang.Object, java.lang.Object, java.lang.Object)'> (0x000000061ec6b198) 
thrown [./open/src/hotspot/share/interpreter/linkResolver.cpp, line 782]
Event: 2.664 Thread 0x00000262201b3950 Exception <a 'java/lang/NoSuchMethodError'{0x000000061ede3b98}: 'void java.lang.invoke.DirectMethodHandle$Holder.invokeInterface(java.lang.Object, java.lang.Object, java.lang.Object, java.lang.Object)'> (0x000000061ede3b98) 
thrown [./open/src/hotspot/share/interpreter/linkResolver.cpp, line 782]

Events (20 events):
Event: 2.649 loading class com/sun/org/apache/xalan/internal/utils/XMLSecurityPropertyManager$Property
Event: 2.649 loading class com/sun/org/apache/xalan/internal/utils/XMLSecurityPropertyManager$Property done
Event: 2.649 loading class com/sun/org/apache/xalan/internal/utils/XMLSecurityManager
Event: 2.649 loading class com/sun/org/apache/xalan/internal/utils/XMLSecurityManager done
Event: 2.649 loading class com/sun/org/apache/xalan/internal/utils/XMLSecurityManager$Limit
Event: 2.649 loading class com/sun/org/apache/xalan/internal/utils/XMLSecurityManager$Limit done
Event: 2.649 loading class com/sun/org/apache/xalan/internal/utils/XMLSecurityManager$State
Event: 2.649 loading class com/sun/org/apache/xalan/internal/utils/XMLSecurityManager$State done
Event: 2.649 loading class com/sun/org/apache/xalan/internal/utils/XMLSecurityManager$NameMap
Event: 2.649 loading class com/sun/org/apache/xalan/internal/utils/XMLSecurityManager$NameMap done
Event: 2.656 Thread 0x000002625128e780 Thread added: 0x000002625128e780
Event: 2.746 loading class java/beans/ConstructorProperties
Event: 2.746 loading class java/beans/ConstructorProperties done
Event: 2.760 loading class sun/text/resources/cldr/FormatData_en_US
Event: 2.760 loading class sun/text/resources/cldr/FormatData_en_US done
Event: 2.771 loading class java/io/CharArrayReader
Event: 2.771 loading class java/io/CharArrayReader done
Event: 2.790 loading class java/util/concurrent/atomic/AtomicReference
Event: 2.790 loading class java/util/concurrent/atomic/AtomicReference done
Event: 2.850 Thread 0x0000026251f39580 Thread added: 0x0000026251f39580


Dynamic libraries:
0x00007ff62a9c0000 - 0x00007ff62a9cd000 	C:\Program Files\Java\jdk-15\bin\java.exe
0x00007ff9923d0000 - 0x00007ff9925c6000 	C:\Windows\SYSTEM32\ntdll.dll
0x00007ff991b80000 - 0x00007ff991c3d000 	C:\Windows\System32\KERNEL32.DLL
0x00007ff990070000 - 0x00007ff990339000 	C:\Windows\System32\KERNELBASE.dll
0x00007ff98fb10000 - 0x00007ff98fc10000 	C:\Windows\System32\ucrtbase.dll
0x00007ff988e10000 - 0x00007ff988e28000 	C:\Program Files\Java\jdk-15\bin\jli.dll
0x00007ff9883c0000 - 0x00007ff9883d9000 	C:\Program Files\Java\jdk-15\bin\VCRUNTIME140.dll
0x00007ff9916a0000 - 0x00007ff991840000 	C:\Windows\System32\USER32.dll
0x00007ff98fdd0000 - 0x00007ff98fdf2000 	C:\Windows\System32\win32u.dll
0x00007ff991ca0000 - 0x00007ff991cca000 	C:\Windows\System32\GDI32.dll
0x00007ff98ff60000 - 0x00007ff99006b000 	C:\Windows\System32\gdi32full.dll
0x00007ff990340000 - 0x00007ff9903dd000 	C:\Windows\System32\msvcp_win.dll
0x00007ff97ad20000 - 0x00007ff97afbb000 	C:\Windows\WinSxS\amd64_microsoft.windows.common-controls_6595b64144ccf1df_6.0.19041.746_none_ca02b4b61b8320a4\COMCTL32.dll
0x00007ff9914d0000 - 0x00007ff99156e000 	C:\Windows\System32\msvcrt.dll
0x00007ff991ef0000 - 0x00007ff991f20000 	C:\Windows\System32\IMM32.DLL
0x00007ff98ab20000 - 0x00007ff98ab2c000 	C:\Program Files\Java\jdk-15\bin\vcruntime140_1.dll
0x00007ff984440000 - 0x00007ff9844d1000 	C:\Program Files\Java\jdk-15\bin\msvcp140.dll
0x00007ff95e400000 - 0x00007ff95ef5c000 	C:\Program Files\Java\jdk-15\bin\server\jvm.dll
0x00007ff9912f0000 - 0x00007ff99139c000 	C:\Windows\System32\ADVAPI32.dll
0x00007ff991ac0000 - 0x00007ff991b5c000 	C:\Windows\System32\sechost.dll
0x00007ff991570000 - 0x00007ff99169b000 	C:\Windows\System32\RPCRT4.dll
0x00007ff990a60000 - 0x00007ff990a68000 	C:\Windows\System32\PSAPI.DLL
0x00007ff97bb50000 - 0x00007ff97bb59000 	C:\Windows\SYSTEM32\WSOCK32.dll
0x00007ff985990000 - 0x00007ff9859b7000 	C:\Windows\SYSTEM32\WINMM.dll
0x00007ff98c700000 - 0x00007ff98c70a000 	C:\Windows\SYSTEM32\VERSION.dll
0x00007ff991a50000 - 0x00007ff991abb000 	C:\Windows\System32\WS2_32.dll
0x00007ff98ddc0000 - 0x00007ff98ddd2000 	C:\Windows\SYSTEM32\kernel.appcore.dll
0x00007ff989440000 - 0x00007ff98944a000 	C:\Program Files\Java\jdk-15\bin\jimage.dll
0x00007ff98f530000 - 0x00007ff98f714000 	C:\Windows\SYSTEM32\DBGHELP.DLL
0x00007ff98f2e0000 - 0x00007ff98f30c000 	C:\Windows\SYSTEM32\dbgcore.DLL
0x00007ff98feb0000 - 0x00007ff98ff30000 	C:\Windows\System32\bcryptPrimitives.dll
0x00007ff988110000 - 0x00007ff98811e000 	C:\Program Files\Java\jdk-15\bin\instrument.dll
0x00007ff987e70000 - 0x00007ff987e95000 	C:\Program Files\Java\jdk-15\bin\java.dll
0x00007ff990ba0000 - 0x00007ff9912e3000 	C:\Windows\System32\SHELL32.dll
0x00007ff98d3e0000 - 0x00007ff98db6f000 	C:\Windows\SYSTEM32\windows.storage.dll
0x00007ff990490000 - 0x00007ff9907e6000 	C:\Windows\System32\combase.dll
0x00007ff98ee80000 - 0x00007ff98eeac000 	C:\Windows\SYSTEM32\Wldp.dll
0x00007ff9913a0000 - 0x00007ff99144e000 	C:\Windows\System32\SHCORE.dll
0x00007ff990430000 - 0x00007ff990485000 	C:\Windows\System32\shlwapi.dll
0x00007ff98fa40000 - 0x00007ff98fa66000 	C:\Windows\SYSTEM32\profapi.dll
0x00007ff987de0000 - 0x00007ff987df8000 	C:\Program Files\Java\jdk-15\bin\zip.dll
0x00007ff987f70000 - 0x00007ff987f89000 	C:\Program Files\Java\jdk-15\bin\net.dll
0x00007ff985440000 - 0x00007ff985540000 	C:\Windows\SYSTEM32\WINHTTP.dll
0x00007ff98ec30000 - 0x00007ff98ec9a000 	C:\Windows\system32\mswsock.dll
0x00007ff987e00000 - 0x00007ff987e12000 	C:\Program Files\Java\jdk-15\bin\nio.dll
0x00007ff987dc0000 - 0x00007ff987dda000 	C:\Program Files\JetBrains\IntelliJ IDEA Community Edition 2020.2.3\bin\breakgen64.dll
0x00007ff988410000 - 0x00007ff988420000 	C:\Program Files\Java\jdk-15\bin\verify.dll
0x00007ff987e60000 - 0x00007ff987e69000 	C:\Program Files\Java\jdk-15\bin\management.dll
0x00007ff987db0000 - 0x00007ff987dbb000 	C:\Program Files\Java\jdk-15\bin\management_ext.dll
0x00007ff97df60000 - 0x00007ff97df77000 	C:\Windows\system32\napinsp.dll
0x00007ff97cd50000 - 0x00007ff97cd6b000 	C:\Windows\system32\pnrpnsp.dll
0x00007ff97ca60000 - 0x00007ff97ca75000 	C:\Windows\system32\wshbth.dll
0x00007ff98aa90000 - 0x00007ff98aaad000 	C:\Windows\system32\NLAapi.dll
0x00007ff98e8f0000 - 0x00007ff98e92b000 	C:\Windows\SYSTEM32\IPHLPAPI.DLL
0x00007ff98e930000 - 0x00007ff98e9fb000 	C:\Windows\SYSTEM32\DNSAPI.dll
0x00007ff991db0000 - 0x00007ff991db8000 	C:\Windows\System32\NSI.dll
0x00007ff97c730000 - 0x00007ff97c742000 	C:\Windows\System32\winrnr.dll
0x00007ff9853f0000 - 0x00007ff9853fa000 	C:\Windows\System32\rasadhlp.dll
0x00007ff983e80000 - 0x00007ff983eff000 	C:\Windows\System32\fwpuclnt.dll
0x00007ff98ff30000 - 0x00007ff98ff57000 	C:\Windows\System32\bcrypt.dll

dbghelp: loaded successfully - version: 4.0.5 - missing functions: none
symbol engine: initialized successfully - sym options: 0x614 - pdb path: .;C:\Program Files\Java\jdk-15\bin;C:\Windows\SYSTEM32;C:\Windows\WinSxS\amd64_microsoft.windows.common-controls_6595b64144ccf1df_6.0.19041.746_none_ca02b4b61b8320a4;C:\Program Files\Java\jdk-15\bin\server;C:\Program Files\JetBrains\IntelliJ IDEA Community Edition 2020.2.3\bin

VM Arguments:
jvm_args: -ea -Didea.test.cyclic.buffer.size=1048576 -javaagent:C:\Program Files\JetBrains\IntelliJ IDEA Community Edition 2020.2.3\lib\idea_rt.jar=63044:C:\Program Files\JetBrains\IntelliJ IDEA Community Edition 2020.2.3\bin -Dfile.encoding=UTF-8 
java_command: com.intellij.rt.junit.JUnitStarter -ideVersion5 -junit4 sk.krayo.dbproject.DatabaseMetaDataStatsServiceTest,testGetColumnStatsNumber
java_class_path (initial): C:\Program Files\JetBrains\IntelliJ IDEA Community Edition 2020.2.3\lib\idea_rt.jar;C:\Program Files\JetBrains\IntelliJ IDEA Community Edition 2020.2.3\plugins\junit\lib\junit5-rt.jar;C:\Program Files\JetBrains\IntelliJ IDEA Community Edition 2020.2.3\plugins\junit\lib\junit-rt.jar;C:\dev\db-viewer\db-viewer-server\target\test-classes;C:\dev\db-viewer\db-viewer-server\target\classes;C:\Users\tomas\.m2\repository\org\springframework\boot\spring-boot-starter-data-jpa\2.4.0\spring-boot-starter-data-jpa-2.4.0.jar;C:\Users\tomas\.m2\repository\org\springframework\boot\spring-boot-starter-aop\2.4.0\spring-boot-starter-aop-2.4.0.jar;C:\Users\tomas\.m2\repository\org\springframework\spring-aop\5.3.1\spring-aop-5.3.1.jar;C:\Users\tomas\.m2\repository\org\aspectj\aspectjweaver\1.9.6\aspectjweaver-1.9.6.jar;C:\Users\tomas\.m2\repository\org\springframework\boot\spring-boot-starter-jdbc\2.4.0\spring-boot-starter-jdbc-2.4.0.jar;C:\Users\tomas\.m2\repository\com\zaxxer\HikariCP\3.4.5\HikariCP-3.4.5.jar;C:\Users\tomas\.m2\repository\org\springframework\spring-jdbc\5.3.1\spring-jdbc-5.3.1.jar;C:\Users\tomas\.m2\repository\jakarta\transaction\jakarta.transaction-api\1.3.3\jakarta.transaction-api-1.3.3.jar;C:\Users\tomas\.m2\repository\jakarta\persistence\jakarta.persistence-api\2.2.3\jakarta.persistence-api-2.2.3.jar;C:\Users\tomas\.m2\repository\org\hibernate\hibernate-core\5.4.23.Final\hibernate-core-5.4.23.Final.jar;C:\Users\tomas\.m2\repository\org\jboss\logging\jboss-logging\3.4.1.Final\jboss-logging-3.4.1.Final.jar;C:\Users\tomas\.m2\repository\org\javassist\javassist\3.24.0-GA\javassist-3.24.0-GA.jar;C:\Users\tomas\.m2\repository\net\bytebuddy\byte-buddy\1.10.18\byte-buddy-1.10.18.jar;C:\Users\tomas\.m2\repository\antlr\antlr\2.7.7\antlr-2.7.7.jar;C:\Users\tomas\.m2\repository\org\jboss\jandex\2.1.3.Final\jandex-2.1.3.Final.jar;C:\Users\tomas\.m2\repository\com\fasterxml\classmate\1.5.1\classmate-1.5.1.jar;C:\Users\tomas\.m2\repository\org\dom4j\d
Launcher Type: SUN_STANDARD

[Global flags]
     intx CICompilerCount                          = 12                                        {product} {ergonomic}
     uint ConcGCThreads                            = 3                                         {product} {ergonomic}
     uint G1ConcRefinementThreads                  = 13                                        {product} {ergonomic}
   size_t G1HeapRegionSize                         = 4194304                                   {product} {ergonomic}
    uintx GCDrainStackTargetSize                   = 64                                        {product} {ergonomic}
   size_t InitialHeapSize                          = 536870912                                 {product} {ergonomic}
   size_t MarkStackSize                            = 4194304                                   {product} {ergonomic}
   size_t MaxHeapSize                              = 8577351680                                {product} {ergonomic}
   size_t MaxNewSize                               = 5146411008                                {product} {ergonomic}
   size_t MinHeapDeltaBytes                        = 4194304                                   {product} {ergonomic}
   size_t MinHeapSize                              = 8388608                                   {product} {ergonomic}
    uintx NonNMethodCodeHeapSize                   = 7602480                                {pd product} {ergonomic}
    uintx NonProfiledCodeHeapSize                  = 122027880                              {pd product} {ergonomic}
    uintx ProfiledCodeHeapSize                     = 122027880                              {pd product} {ergonomic}
    uintx ReservedCodeCacheSize                    = 251658240                              {pd product} {ergonomic}
     bool SegmentedCodeCache                       = true                                      {product} {ergonomic}
   size_t SoftMaxHeapSize                          = 8577351680                             {manageable} {ergonomic}
     bool UseCompressedClassPointers               = true                                 {lp64_product} {ergonomic}
     bool UseCompressedOops                        = true                                 {lp64_product} {ergonomic}
     bool UseG1GC                                  = true                                      {product} {ergonomic}
     bool UseLargePagesIndividualAllocation        = false                                  {pd product} {ergonomic}

Logging:
Log output configuration:
 #0: stdout all=warning uptime,level,tags
 #1: stderr all=off uptime,level,tags

Environment Variables:
JAVA_HOME=C:\Program Files\Java\jdk-15
PATH=C:\Windows\system32;C:\Windows;C:\Windows\System32\Wbem;C:\Windows\System32\WindowsPowerShell\v1.0\;C:\Windows\System32\OpenSSH\;C:\Program Files\Java\jdk-15\bin;C:\Program Files\Maven\apache-maven-3.6.3\bin;C:\Program Files\Maven\apache-maven-3.6.3\bin;C:\Program Files\nodejs\;C:\Program Files\Docker\Docker\resources\bin;C:\ProgramData\DockerDesktop\version-bin;C:\Program Files (x86)\Yarn\bin\;C:\Program Files\Git\cmd;C:\Users\tomas\AppData\Local\Microsoft\WindowsApps;;C:\Users\tomas\AppData\Local\Programs\Microsoft VS Code\bin;C:\Users\tomas\AppData\Roaming\npm;C:\Program Files\Azure Data Studio\bin;C:\Users\tomas\AppData\Local\Yarn\bin
USERNAME=tomas
OS=Windows_NT
PROCESSOR_IDENTIFIER=AMD64 Family 23 Model 1 Stepping 1, AuthenticAMD



---------------  S Y S T E M  ---------------

OS:
 Windows 10 , 64 bit Build 19041 (10.0.19041.662)
OS uptime: 6 days 0:14 hours

CPU: total 16 (initial active 16) (16 cores per cpu, 2 threads per core) family 23 model 1 stepping 1, cmov, cx8, fxsr, mmx, sse, sse2, sse3, ssse3, sse4.1, sse4.2, popcnt, vzeroupper, avx, avx2, aes, clmul, 3dnowpref, lzcnt, sse4a, ht, tsc, tscinvbit, tscinv, bmi1, bmi2, adx, sha, fma, clflush, clflushopt

Memory: 4k page, system-wide physical 32718M (20795M free)
TotalPageFile size 62393M (AvailPageFile size 464M)
current process WorkingSet (physical memory assigned to process): 135M, peak: 182M
current process commit charge ("private bytes"): 243M, peak: 705M

vm_info: OpenJDK 64-Bit Server VM (15+36-1562) for windows-amd64 JRE (15+36-1562), built on Aug 11 2020 22:33:04 by "mach5one" with unknown MS VC++:1925

END.
